Command line:
   control_unit_tb_isim_beh.exe
     -simmode  gui
     -simrunnum  0
     -socket  55713

Sat Dec 07 23:12:38 2019


 Elaboration Time: 0.015625 sec

 Current Memory Usage: 5155.39 Meg

 Total Signals          : 28
 Total Nets             : 41
 Total Signal Drivers   : 16
 Total Blocks           : 3
 Total Primitive Blocks : 2
 Total Processes        : 7
 Total Traceable Variables  : 9
 Total Scalar Nets and Variables : 402
Total Line Count : 57

 Total Simulation Time: 0.015625 sec

 Current Memory Usage: 5312.68 Meg

Sat Dec 07 23:13:27 2019

