Command line:
   mux_8_1_tb_isim_beh.exe
     -simmode  gui
     -simrunnum  0
     -socket  56312

Sun Nov 10 16:35:53 2019


 Elaboration Time: 0.015625 sec

 Current Memory Usage: 5155.35 Meg

 Total Signals          : 16
 Total Nets             : 14
 Total Signal Drivers   : 5
 Total Blocks           : 6
 Total Primitive Blocks : 4
 Total Processes        : 4
 Total Traceable Variables  : 8
 Total Scalar Nets and Variables : 374
Total Line Count : 17

 Total Simulation Time: 0.046875 sec

 Current Memory Usage: 4683.49 Meg

Sun Nov 10 16:41:03 2019

