Command line:
   control_unit_tb_isim_beh.exe
     -simmode  gui
     -simrunnum  0
     -socket  54874

Mon Nov 25 22:48:47 2019


 Elaboration Time: 0 sec

 Current Memory Usage: 5155.37 Meg

 Total Signals          : 12
 Total Nets             : 28
 Total Signal Drivers   : 7
 Total Blocks           : 3
 Total Primitive Blocks : 2
 Total Processes        : 4
 Total Traceable Variables  : 9
 Total Scalar Nets and Variables : 389
Total Line Count : 40

 Total Simulation Time: 0 sec

 Current Memory Usage: 4998.09 Meg

Mon Nov 25 22:49:56 2019

