--------------------------------------------------------------------------------
Release 14.5 Trace  (nt64)
Copyright (c) 1995-2012 Xilinx, Inc.  All rights reserved.

C:\Xilinx\14.5\ISE_DS\ISE\bin\nt64\unwrapped\trce.exe -intstyle ise -v 3 -s 3
-n 3 -fastpaths -xml display_on_board.twx display_on_board.ncd -o
display_on_board.twr display_on_board.pcf -ucf Nexys4DDR-100T.ucf

Design file:              display_on_board.ncd
Physical constraint file: display_on_board.pcf
Device,package,speed:     xc7a100t,csg324,C,-3 (PRODUCTION 1.08 2013-03-26)
Report level:             verbose report

Environment Variable      Effect 
--------------------      ------ 
NONE                      No environment variables were set
--------------------------------------------------------------------------------

INFO:Timing:2698 - No timing constraints found, doing default enumeration.
INFO:Timing:3412 - To improve timing, see the Timing Closure User Guide (UG612).
INFO:Timing:2752 - To get complete path coverage, use the unconstrained paths 
   option. All paths that are not constrained will be reported in the 
   unconstrained paths section(s) of the report.
INFO:Timing:3339 - The clock-to-out numbers in this timing report are based on 
   a 50 Ohm transmission line loading model.  For the details of this model, 
   and for more information on accounting for different loading conditions, 
   please see the device datasheet.



Data Sheet report:
-----------------
All values displayed in nanoseconds (ns)

Setup/Hold to clock clock
------------+------------+------------+------------+------------+------------------+--------+
            |Max Setup to|  Process   |Max Hold to |  Process   |                  | Clock  |
Source      | clk (edge) |   Corner   | clk (edge) |   Corner   |Internal Clock(s) | Phase  |
------------+------------+------------+------------+------------+------------------+--------+
in_byte<0>  |   -0.451(R)|      FAST  |    2.280(R)|      SLOW  |clock_BUFGP       |   0.000|
in_byte<1>  |   -0.573(R)|      FAST  |    2.428(R)|      SLOW  |clock_BUFGP       |   0.000|
in_byte<2>  |   -0.653(R)|      FAST  |    2.562(R)|      SLOW  |clock_BUFGP       |   0.000|
in_byte<3>  |   -0.170(R)|      FAST  |    2.298(R)|      SLOW  |clock_BUFGP       |   0.000|
in_byte<4>  |   -0.529(R)|      FAST  |    2.406(R)|      SLOW  |clock_BUFGP       |   0.000|
in_byte<5>  |   -0.654(R)|      FAST  |    2.540(R)|      SLOW  |clock_BUFGP       |   0.000|
in_byte<6>  |   -0.208(R)|      FAST  |    2.060(R)|      SLOW  |clock_BUFGP       |   0.000|
in_byte<7>  |   -0.548(R)|      FAST  |    2.512(R)|      SLOW  |clock_BUFGP       |   0.000|
load_first  |   -0.217(R)|      FAST  |    2.199(R)|      SLOW  |clock_BUFGP       |   0.000|
load_second |   -0.047(R)|      FAST  |    1.586(R)|      SLOW  |clock_BUFGP       |   0.000|
reset       |   -0.153(R)|      FAST  |    2.176(R)|      SLOW  |clock_BUFGP       |   0.000|
------------+------------+------------+------------+------------+------------------+--------+

Clock clock to Pad
------------+-----------------+------------+-----------------+------------+------------------+--------+
            |Max (slowest) clk|  Process   |Min (fastest) clk|  Process   |                  | Clock  |
Destination |  (edge) to PAD  |   Corner   |  (edge) to PAD  |   Corner   |Internal Clock(s) | Phase  |
------------+-----------------+------------+-----------------+------------+------------------+--------+
anodes<0>   |         9.535(R)|      SLOW  |         3.570(R)|      FAST  |clock_BUFGP       |   0.000|
anodes<1>   |         9.435(R)|      SLOW  |         3.516(R)|      FAST  |clock_BUFGP       |   0.000|
c_out       |        11.609(R)|      SLOW  |         3.700(R)|      FAST  |clock_BUFGP       |   0.000|
cathodes<0> |        13.130(R)|      SLOW  |         4.285(R)|      FAST  |clock_BUFGP       |   0.000|
cathodes<1> |        12.806(R)|      SLOW  |         4.086(R)|      FAST  |clock_BUFGP       |   0.000|
cathodes<2> |        12.480(R)|      SLOW  |         3.914(R)|      FAST  |clock_BUFGP       |   0.000|
cathodes<3> |        12.655(R)|      SLOW  |         4.033(R)|      FAST  |clock_BUFGP       |   0.000|
cathodes<4> |        12.526(R)|      SLOW  |         3.830(R)|      FAST  |clock_BUFGP       |   0.000|
cathodes<5> |        12.740(R)|      SLOW  |         4.107(R)|      FAST  |clock_BUFGP       |   0.000|
cathodes<6> |        12.180(R)|      SLOW  |         3.653(R)|      FAST  |clock_BUFGP       |   0.000|
------------+-----------------+------------+-----------------+------------+------------------+--------+

Clock to Setup on destination clock clock
---------------+---------+---------+---------+---------+
               | Src:Rise| Src:Fall| Src:Rise| Src:Fall|
Source Clock   |Dest:Rise|Dest:Rise|Dest:Fall|Dest:Fall|
---------------+---------+---------+---------+---------+
clock          |    2.682|         |         |         |
---------------+---------+---------+---------+---------+


Analysis completed Tue Nov 26 16:53:18 2019 
--------------------------------------------------------------------------------

Trace Settings:
-------------------------
Trace Settings 

Peak Memory Usage: 4998 MB



