Release 14.5 - xst P.58f (nt64)
Copyright (c) 1995-2012 Xilinx, Inc.  All rights reserved.
--> Parameter TMPDIR set to xst/projnav.tmp


Total REAL time to Xst completion: 0.00 secs
Total CPU time to Xst completion: 0.11 secs
 
--> Parameter xsthdpdir set to xst


Total REAL time to Xst completion: 0.00 secs
Total CPU time to Xst completion: 0.11 secs
 
--> Reading design: display_on_board.prj

TABLE OF CONTENTS
  1) Synthesis Options Summary
  2) HDL Parsing
  3) HDL Elaboration
  4) HDL Synthesis
       4.1) HDL Synthesis Report
  5) Advanced HDL Synthesis
       5.1) Advanced HDL Synthesis Report
  6) Low Level Synthesis
  7) Partition Report
  8) Design Summary
       8.1) Primitive and Black Box Usage
       8.2) Device utilization summary
       8.3) Partition Resource Summary
       8.4) Timing Report
            8.4.1) Clock Information
            8.4.2) Asynchronous Control Signals Information
            8.4.3) Timing Summary
            8.4.4) Timing Details
            8.4.5) Cross Clock Domains Report


=========================================================================
*                      Synthesis Options Summary                        *
=========================================================================
---- Source Parameters
Input File Name                    : "display_on_board.prj"
Ignore Synthesis Constraint File   : NO

---- Target Parameters
Output File Name                   : "display_on_board"
Output Format                      : NGC
Target Device                      : xc7a100t-3-csg324

---- Source Options
Top Module Name                    : display_on_board
Automatic FSM Extraction           : YES
FSM Encoding Algorithm             : Auto
Safe Implementation                : No
FSM Style                          : LUT
RAM Extraction                     : Yes
RAM Style                          : Auto
ROM Extraction                     : Yes
Shift Register Extraction          : YES
ROM Style                          : Auto
Resource Sharing                   : YES
Asynchronous To Synchronous        : NO
Shift Register Minimum Size        : 2
Use DSP Block                      : Auto
Automatic Register Balancing       : No

---- Target Options
LUT Combining                      : Auto
Reduce Control Sets                : Auto
Add IO Buffers                     : YES
Global Maximum Fanout              : 100000
Add Generic Clock Buffer(BUFG)     : 32
Register Duplication               : YES
Optimize Instantiated Primitives   : NO
Use Clock Enable                   : Auto
Use Synchronous Set                : Auto
Use Synchronous Reset              : Auto
Pack IO Registers into IOBs        : Auto
Equivalent register Removal        : YES

---- General Options
Optimization Goal                  : Speed
Optimization Effort                : 1
Power Reduction                    : NO
Keep Hierarchy                     : No
Netlist Hierarchy                  : As_Optimized
RTL Output                         : Yes
Global Optimization                : AllClockNets
Read Cores                         : YES
Write Timing Constraints           : NO
Cross Clock Analysis               : NO
Hierarchy Separator                : /
Bus Delimiter                      : <>
Case Specifier                     : Maintain
Slice Utilization Ratio            : 100
BRAM Utilization Ratio             : 100
DSP48 Utilization Ratio            : 100
Auto BRAM Packing                  : NO
Slice Utilization Ratio Delta      : 5

=========================================================================


=========================================================================
*                          HDL Parsing                                  *
=========================================================================
Parsing VHDL file "C:\Users\Windows\Desktop\Progetto\esercizio_04\full_adder.vhd" into library work
Parsing entity <full_adder>.
Parsing architecture <dataflow> of entity <full_adder>.
Parsing VHDL file "C:\Users\Windows\Desktop\Progetto\esercizio_04\rca_4.vhd" into library work
Parsing entity <rca_4>.
Parsing architecture <structural> of entity <rca_4>.
Parsing VHDL file "C:\Users\Windows\Desktop\Progetto\esercizio_04\rca_8.vhd" into library work
Parsing entity <rca_8>.
Parsing architecture <structural> of entity <rca_8>.
Parsing VHDL file "C:\Users\Windows\Desktop\Progetto\esercizio_04\counter_mod4.vhd" into library work
Parsing entity <counter_mod4>.
Parsing architecture <Behavioral> of entity <counter_mod4>.
Parsing VHDL file "C:\Users\Windows\Desktop\Progetto\esercizio_04\control_unit.vhd" into library work
Parsing entity <control_unit>.
Parsing architecture <Behavioral> of entity <control_unit>.
Parsing VHDL file "C:\Users\Windows\Desktop\Progetto\esercizio_04\clock_filter.vhd" into library work
Parsing entity <clock_filter>.
Parsing architecture <Behavioral> of entity <clock_filter>.
Parsing VHDL file "C:\Users\Windows\Desktop\Progetto\esercizio_04\cathodes_manager.vhd" into library work
Parsing entity <cathodes_manager>.
Parsing architecture <Behavioral> of entity <cathodes_manager>.
Parsing VHDL file "C:\Users\Windows\Desktop\Progetto\esercizio_04\anodes_manager.vhd" into library work
Parsing entity <anodes_manager>.
Parsing architecture <Behavioral> of entity <anodes_manager>.
Parsing VHDL file "C:\Users\Windows\Desktop\Progetto\esercizio_04\rca_8_sintesi.vhd" into library work
Parsing entity <rca_8_sintesi>.
Parsing architecture <structural> of entity <rca_8_sintesi>.
Parsing VHDL file "C:\Users\Windows\Desktop\Progetto\esercizio_04\display_seven_segments.vhd" into library work
Parsing entity <display_seven_segments>.
Parsing architecture <Structural> of entity <display_seven_segments>.
Parsing VHDL file "C:\Users\Windows\Desktop\Progetto\esercizio_04\display_on_board.vhd" into library work
Parsing entity <display_on_board>.
Parsing architecture <Structural> of entity <display_on_board>.

=========================================================================
*                            HDL Elaboration                            *
=========================================================================

Elaborating entity <display_on_board> (architecture <Structural>) from library <work>.

Elaborating entity <display_seven_segments> (architecture <Structural>) with generics from library <work>.

Elaborating entity <clock_filter> (architecture <Behavioral>) with generics from library <work>.

Elaborating entity <cathodes_manager> (architecture <Behavioral>) from library <work>.
INFO:HDLCompiler:679 - "C:\Users\Windows\Desktop\Progetto\esercizio_04\cathodes_manager.vhd" Line 50. Case statement is complete. others clause is never selected
INFO:HDLCompiler:679 - "C:\Users\Windows\Desktop\Progetto\esercizio_04\cathodes_manager.vhd" Line 75. Case statement is complete. others clause is never selected

Elaborating entity <counter_mod4> (architecture <Behavioral>) from library <work>.
WARNING:HDLCompiler:92 - "C:\Users\Windows\Desktop\Progetto\esercizio_04\counter_mod4.vhd" Line 56: enable should be on the sensitivity list of the process

Elaborating entity <anodes_manager> (architecture <Behavioral>) from library <work>.
INFO:HDLCompiler:679 - "C:\Users\Windows\Desktop\Progetto\esercizio_04\anodes_manager.vhd" Line 29. Case statement is complete. others clause is never selected

Elaborating entity <rca_8_sintesi> (architecture <structural>) from library <work>.

Elaborating entity <rca_8> (architecture <structural>) from library <work>.

Elaborating entity <rca_4> (architecture <structural>) from library <work>.

Elaborating entity <full_adder> (architecture <dataflow>) from library <work>.

Elaborating entity <control_unit> (architecture <Behavioral>) from library <work>.

=========================================================================
*                           HDL Synthesis                               *
=========================================================================

Synthesizing Unit <display_on_board>.
    Related source file is "C:\Users\Windows\Desktop\Progetto\esercizio_04\display_on_board.vhd".
    Summary:
	no macro.
Unit <display_on_board> synthesized.

Synthesizing Unit <display_seven_segments>.
    Related source file is "C:\Users\Windows\Desktop\Progetto\esercizio_04\display_seven_segments.vhd".
        clock_frequency_in = 100000000
        clock_frequency_out = 50000
    Summary:
	no macro.
Unit <display_seven_segments> synthesized.

Synthesizing Unit <clock_filter>.
    Related source file is "C:\Users\Windows\Desktop\Progetto\esercizio_04\clock_filter.vhd".
        clock_frequency_in = 100000000
        clock_frequency_out = 50000
    Found 11-bit register for signal <count_for_division.counter>.
    Found 1-bit register for signal <clockfx>.
    Found 11-bit adder for signal <count_for_division.counter[10]_GND_5_o_add_1_OUT> created at line 66.
    Summary:
	inferred   1 Adder/Subtractor(s).
	inferred  12 D-type flip-flop(s).
	inferred   1 Multiplexer(s).
Unit <clock_filter> synthesized.

Synthesizing Unit <cathodes_manager>.
    Related source file is "C:\Users\Windows\Desktop\Progetto\esercizio_04\cathodes_manager.vhd".
    Summary:
	inferred   4 Multiplexer(s).
Unit <cathodes_manager> synthesized.

Synthesizing Unit <counter_mod4>.
    Related source file is "C:\Users\Windows\Desktop\Progetto\esercizio_04\counter_mod4.vhd".
    Found 1-bit register for signal <c>.
    Summary:
	inferred   1 D-type flip-flop(s).
Unit <counter_mod4> synthesized.

Synthesizing Unit <anodes_manager>.
    Related source file is "C:\Users\Windows\Desktop\Progetto\esercizio_04\anodes_manager.vhd".
    Summary:
	no macro.
Unit <anodes_manager> synthesized.

Synthesizing Unit <rca_8_sintesi>.
    Related source file is "C:\Users\Windows\Desktop\Progetto\esercizio_04\rca_8_sintesi.vhd".
    Summary:
	no macro.
Unit <rca_8_sintesi> synthesized.

Synthesizing Unit <rca_8>.
    Related source file is "C:\Users\Windows\Desktop\Progetto\esercizio_04\rca_8.vhd".
    Summary:
	no macro.
Unit <rca_8> synthesized.

Synthesizing Unit <rca_4>.
    Related source file is "C:\Users\Windows\Desktop\Progetto\esercizio_04\rca_4.vhd".
    Summary:
	no macro.
Unit <rca_4> synthesized.

Synthesizing Unit <full_adder>.
    Related source file is "C:\Users\Windows\Desktop\Progetto\esercizio_04\full_adder.vhd".
    Summary:
Unit <full_adder> synthesized.

Synthesizing Unit <control_unit>.
    Related source file is "C:\Users\Windows\Desktop\Progetto\esercizio_04\control_unit.vhd".
    Found 8-bit register for signal <reg_second>.
    Found 8-bit register for signal <reg_first>.
    Summary:
	inferred  16 D-type flip-flop(s).
Unit <control_unit> synthesized.

=========================================================================
HDL Synthesis Report

Macro Statistics
# Adders/Subtractors                                   : 1
 11-bit adder                                          : 1
# Registers                                            : 5
 1-bit register                                        : 2
 11-bit register                                       : 1
 8-bit register                                        : 2
# Multiplexers                                         : 5
 1-bit 2-to-1 multiplexer                              : 4
 11-bit 2-to-1 multiplexer                             : 1
# Xors                                                 : 16
 1-bit xor2                                            : 16

=========================================================================

=========================================================================
*                       Advanced HDL Synthesis                          *
=========================================================================


Synthesizing (advanced) Unit <clock_filter>.
The following registers are absorbed into counter <count_for_division.counter>: 1 register on signal <count_for_division.counter>.
Unit <clock_filter> synthesized (advanced).

=========================================================================
Advanced HDL Synthesis Report

Macro Statistics
# Counters                                             : 1
 11-bit up counter                                     : 1
# Registers                                            : 18
 Flip-Flops                                            : 18
# Multiplexers                                         : 4
 1-bit 2-to-1 multiplexer                              : 4
# Xors                                                 : 16
 1-bit xor2                                            : 16

=========================================================================

=========================================================================
*                         Low Level Synthesis                           *
=========================================================================

Optimizing unit <display_on_board> ...

Optimizing unit <control_unit> ...

Mapping all equations...
Building and optimizing final netlist ...
Found area constraint ratio of 100 (+ 5) on block display_on_board, actual ratio is 0.

Final Macro Processing ...

=========================================================================
Final Register Report

Macro Statistics
# Registers                                            : 29
 Flip-Flops                                            : 29

=========================================================================

=========================================================================
*                           Partition Report                            *
=========================================================================

Partition Implementation Status
-------------------------------

  No Partitions were found in this design.

-------------------------------

=========================================================================
*                            Design Summary                             *
=========================================================================

Top Level Output File Name         : display_on_board.ngc

Primitive and Black Box Usage:
------------------------------
# BELS                             : 60
#      GND                         : 1
#      INV                         : 1
#      LUT2                        : 3
#      LUT3                        : 3
#      LUT4                        : 8
#      LUT5                        : 6
#      LUT6                        : 16
#      MUXCY                       : 10
#      VCC                         : 1
#      XORCY                       : 11
# FlipFlops/Latches                : 29
#      FDC                         : 13
#      FDCE                        : 16
# Clock Buffers                    : 1
#      BUFGP                       : 1
# IO Buffers                       : 28
#      IBUF                        : 11
#      OBUF                        : 17

Device utilization summary:
---------------------------

Selected Device : 7a100tcsg324-3 


Slice Logic Utilization: 
 Number of Slice Registers:              29  out of  126800     0%  
 Number of Slice LUTs:                   37  out of  63400     0%  
    Number used as Logic:                37  out of  63400     0%  

Slice Logic Distribution: 
 Number of LUT Flip Flop pairs used:     39
   Number with an unused Flip Flop:      10  out of     39    25%  
   Number with an unused LUT:             2  out of     39     5%  
   Number of fully used LUT-FF pairs:    27  out of     39    69%  
   Number of unique control sets:         3

IO Utilization: 
 Number of IOs:                          29
 Number of bonded IOBs:                  29  out of    210    13%  

Specific Feature Utilization:
 Number of BUFG/BUFGCTRL/BUFHCEs:         1  out of    128     0%  

---------------------------
Partition Resource Summary:
---------------------------

  No Partitions were found in this design.

---------------------------


=========================================================================
Timing Report

NOTE: THESE TIMING NUMBERS ARE ONLY A SYNTHESIS ESTIMATE.
      FOR ACCURATE TIMING INFORMATION PLEASE REFER TO THE TRACE REPORT
      GENERATED AFTER PLACE-and-ROUTE.

Clock Information:
------------------
-----------------------------------+------------------------+-------+
Clock Signal                       | Clock buffer(FF name)  | Load  |
-----------------------------------+------------------------+-------+
clock                              | BUFGP                  | 29    |
-----------------------------------+------------------------+-------+

Asynchronous Control Signals Information:
----------------------------------------
No asynchronous control signals found in this design

Timing Summary:
---------------
Speed Grade: -3

   Minimum period: 2.536ns (Maximum Frequency: 394.291MHz)
   Minimum input arrival time before clock: 0.921ns
   Maximum output required time after clock: 3.961ns
   Maximum combinational path delay: No path found

Timing Details:
---------------
All values displayed in nanoseconds (ns)

=========================================================================
Timing constraint: Default period analysis for Clock 'clock'
  Clock period: 2.536ns (frequency: 394.291MHz)
  Total number of paths / destination ports: 902 / 13
-------------------------------------------------------------------------
Delay:               2.536ns (Levels of Logic = 13)
  Source:            seven_segment_array/clk_filter/count_for_division.counter_10 (FF)
  Destination:       seven_segment_array/clk_filter/count_for_division.counter_10 (FF)
  Source Clock:      clock rising
  Destination Clock: clock rising

  Data Path: seven_segment_array/clk_filter/count_for_division.counter_10 to seven_segment_array/clk_filter/count_for_division.counter_10
                                Gate     Net
    Cell:in->out      fanout   Delay   Delay  Logical Name (Net Name)
    ----------------------------------------  ------------
     FDC:C->Q              2   0.361   0.697  seven_segment_array/clk_filter/count_for_division.counter_10 (seven_segment_array/clk_filter/count_for_division.counter_10)
     LUT6:I0->O           12   0.097   0.346  seven_segment_array/clk_filter/PWR_5_o_count_for_division.counter[10]_equal_1_o<10>_SW0 (N2)
     LUT6:I5->O            1   0.097   0.000  seven_segment_array/clk_filter/Mcount_count_for_division.counter_lut<0> (seven_segment_array/clk_filter/Mcount_count_for_division.counter_lut<0>)
     MUXCY:S->O            1   0.353   0.000  seven_segment_array/clk_filter/Mcount_count_for_division.counter_cy<0> (seven_segment_array/clk_filter/Mcount_count_for_division.counter_cy<0>)
     MUXCY:CI->O           1   0.023   0.000  seven_segment_array/clk_filter/Mcount_count_for_division.counter_cy<1> (seven_segment_array/clk_filter/Mcount_count_for_division.counter_cy<1>)
     MUXCY:CI->O           1   0.023   0.000  seven_segment_array/clk_filter/Mcount_count_for_division.counter_cy<2> (seven_segment_array/clk_filter/Mcount_count_for_division.counter_cy<2>)
     MUXCY:CI->O           1   0.023   0.000  seven_segment_array/clk_filter/Mcount_count_for_division.counter_cy<3> (seven_segment_array/clk_filter/Mcount_count_for_division.counter_cy<3>)
     MUXCY:CI->O           1   0.023   0.000  seven_segment_array/clk_filter/Mcount_count_for_division.counter_cy<4> (seven_segment_array/clk_filter/Mcount_count_for_division.counter_cy<4>)
     MUXCY:CI->O           1   0.023   0.000  seven_segment_array/clk_filter/Mcount_count_for_division.counter_cy<5> (seven_segment_array/clk_filter/Mcount_count_for_division.counter_cy<5>)
     MUXCY:CI->O           1   0.023   0.000  seven_segment_array/clk_filter/Mcount_count_for_division.counter_cy<6> (seven_segment_array/clk_filter/Mcount_count_for_division.counter_cy<6>)
     MUXCY:CI->O           1   0.023   0.000  seven_segment_array/clk_filter/Mcount_count_for_division.counter_cy<7> (seven_segment_array/clk_filter/Mcount_count_for_division.counter_cy<7>)
     MUXCY:CI->O           1   0.023   0.000  seven_segment_array/clk_filter/Mcount_count_for_division.counter_cy<8> (seven_segment_array/clk_filter/Mcount_count_for_division.counter_cy<8>)
     MUXCY:CI->O           0   0.023   0.000  seven_segment_array/clk_filter/Mcount_count_for_division.counter_cy<9> (seven_segment_array/clk_filter/Mcount_count_for_division.counter_cy<9>)
     XORCY:CI->O           1   0.370   0.000  seven_segment_array/clk_filter/Mcount_count_for_division.counter_xor<10> (seven_segment_array/clk_filter/Mcount_count_for_division.counter10)
     FDC:D                     0.008          seven_segment_array/clk_filter/count_for_division.counter_10
    ----------------------------------------
    Total                      2.536ns (1.493ns logic, 1.043ns route)
                                       (58.9% logic, 41.1% route)

=========================================================================
Timing constraint: Default OFFSET IN BEFORE for Clock 'clock'
  Total number of paths / destination ports: 69 / 61
-------------------------------------------------------------------------
Offset:              0.921ns (Levels of Logic = 2)
  Source:            load_first (PAD)
  Destination:       rca/cu/reg_second_7 (FF)
  Destination Clock: clock rising

  Data Path: load_first to rca/cu/reg_second_7
                                Gate     Net
    Cell:in->out      fanout   Delay   Delay  Logical Name (Net Name)
    ----------------------------------------  ------------
     IBUF:I->O             9   0.001   0.416  load_first_IBUF (load_first_IBUF)
     LUT2:I0->O            8   0.097   0.311  rca/cu/_n0021_inv1 (rca/cu/_n0021_inv)
     FDCE:CE                   0.095          rca/cu/reg_second_0
    ----------------------------------------
    Total                      0.921ns (0.193ns logic, 0.728ns route)
                                       (21.0% logic, 79.0% route)

=========================================================================
Timing constraint: Default OFFSET OUT AFTER for Clock 'clock'
  Total number of paths / destination ports: 550 / 10
-------------------------------------------------------------------------
Offset:              3.961ns (Levels of Logic = 7)
  Source:            rca/cu/reg_first_2 (FF)
  Destination:       cathodes<5> (PAD)
  Source Clock:      clock rising

  Data Path: rca/cu/reg_first_2 to cathodes<5>
                                Gate     Net
    Cell:in->out      fanout   Delay   Delay  Logical Name (Net Name)
    ----------------------------------------  ------------
     FDCE:C->Q             2   0.361   0.697  rca/cu/reg_first_2 (rca/cu/reg_first_2)
     LUT6:I0->O            3   0.097   0.389  rca/rca/rca_0/adder_2/c_out1 (rca/rca/rca_0/c3)
     LUT5:I3->O            2   0.097   0.383  rca/rca/rca_1/adder_0/c_out1 (rca/rca/rca_1/c1)
     LUT3:I1->O            3   0.097   0.389  rca/rca/rca_1/adder_1/c_out1 (rca/rca/rca_1/c2)
     LUT5:I3->O            1   0.097   0.295  seven_segment_array/cathodes_instance/Mmux_nibble<3>11 (seven_segment_array/cathodes_instance/Mmux_nibble<3>1)
     LUT5:I4->O            7   0.097   0.584  seven_segment_array/cathodes_instance/Mmux_nibble<3>12 (seven_segment_array/cathodes_instance/nibble<3>)
     LUT4:I0->O            1   0.097   0.279  seven_segment_array/cathodes_instance/cathodes_for_digit<2>1 (cathodes_5_OBUF)
     OBUF:I->O                 0.000          cathodes_5_OBUF (cathodes<5>)
    ----------------------------------------
    Total                      3.961ns (0.943ns logic, 3.018ns route)
                                       (23.8% logic, 76.2% route)

=========================================================================

Cross Clock Domains Report:
--------------------------

Clock to Setup on destination clock clock
---------------+---------+---------+---------+---------+
               | Src:Rise| Src:Fall| Src:Rise| Src:Fall|
Source Clock   |Dest:Rise|Dest:Rise|Dest:Fall|Dest:Fall|
---------------+---------+---------+---------+---------+
clock          |    2.536|         |         |         |
---------------+---------+---------+---------+---------+

=========================================================================


Total REAL time to Xst completion: 8.00 secs
Total CPU time to Xst completion: 7.75 secs
 
--> 

Total memory usage is 4623636 kilobytes

Number of errors   :    0 (   0 filtered)
Number of warnings :    1 (   0 filtered)
Number of infos    :    0 (   0 filtered)

