Running: C:\Xilinx\14.5\ISE_DS\ISE\bin\nt64\unwrapped\fuse.exe -intstyle ise -incremental -lib secureip -o C:/Users/Windows/Desktop/Progetto/esercizio_04/rca_8_tb_isim_beh.exe -prj C:/Users/Windows/Desktop/Progetto/esercizio_04/rca_8_tb_beh.prj work.rca_8_tb 
ISim P.58f (signature 0x7708f090)
Number of CPUs detected in this system: 8
Turning on mult-threading, number of parallel sub-compilation jobs: 16 
Determining compilation order of HDL files
Parsing VHDL file "C:/Users/Windows/Desktop/Progetto/esercizio_04/full_adder.vhd" into library work
Parsing VHDL file "C:/Users/Windows/Desktop/Progetto/esercizio_04/rca_4.vhd" into library work
Parsing VHDL file "C:/Users/Windows/Desktop/Progetto/esercizio_04/rca_8.vhd" into library work
Parsing VHDL file "C:/Users/Windows/Desktop/Progetto/esercizio_04/rca_8_tb.vhd" into library work
Starting static elaboration
Completed static elaboration
Compiling package standard
Compiling package std_logic_1164
Compiling architecture dataflow of entity full_adder [full_adder_default]
Compiling architecture structural of entity rca_4 [rca_4_default]
Compiling architecture structural of entity rca_8 [rca_8_default]
Compiling architecture behavior of entity rca_8_tb
Time Resolution for simulation is 1ps.
Waiting for 1 sub-compilation(s) to finish...
WARNING:Simulator - Unable to copy libPortabilityNOSH.dll to the simulation executable directory: boost::filesystem::copy_file: Impossibile trovare il percorso specificato, "isim\rca_8_tb_isim_beh.exe.sim\libPortability.dll".
Compiled 9 VHDL Units
Built simulation executable C:/Users/Windows/Desktop/Progetto/esercizio_04/rca_8_tb_isim_beh.exe
Fuse Memory Usage: 29624 KB
Fuse CPU Usage: 468 ms
