Running: C:\Xilinx\14.5\ISE_DS\ISE\bin\nt64\unwrapped\fuse.exe -intstyle ise -incremental -lib secureip -o C:/Users/Windows/Desktop/Progetto/esercizio_11/uart_tappo/uart_tappo_tb_isim_beh.exe -prj C:/Users/Windows/Desktop/Progetto/esercizio_11/uart_tappo/uart_tappo_tb_beh.prj work.uart_tappo_tb 
ISim P.58f (signature 0x7708f090)
Number of CPUs detected in this system: 8
Turning on mult-threading, number of parallel sub-compilation jobs: 16 
Determining compilation order of HDL files
Parsing VHDL file "C:/Users/Windows/Desktop/Progetto/esercizio_11/uart_tappo/control_unit.vhd" into library work
Parsing VHDL file "C:/Users/Windows/Desktop/Progetto/esercizio_11/uart_tappo/../../../ASE/RS232RefComp2.vhd" into library work
Parsing VHDL file "C:/Users/Windows/Desktop/Progetto/esercizio_11/uart_tappo/uart_tappo.vhd" into library work
Parsing VHDL file "C:/Users/Windows/Desktop/Progetto/esercizio_11/uart_tappo/uart_tappo_tb.vhd" into library work
Starting static elaboration
Completed static elaboration
Compiling package standard
Compiling package std_logic_1164
Compiling package std_logic_arith
Compiling package std_logic_unsigned
Compiling architecture behavioral of entity UARTcomponent [\UARTcomponent(14,231)\]
Compiling architecture behavioral of entity control_unit [control_unit_default]
Compiling architecture structural of entity uart_tappo [uart_tappo_default]
Compiling architecture behavior of entity uart_tappo_tb
Time Resolution for simulation is 1ps.
Waiting for 1 sub-compilation(s) to finish...
WARNING:Simulator - Unable to copy libPortabilityNOSH.dll to the simulation executable directory: boost::filesystem::copy_file: Impossibile trovare il percorso specificato, "isim\uart_tappo_tb_isim_beh.exe.sim\libPortability.dll".
Compiled 11 VHDL Units
Built simulation executable C:/Users/Windows/Desktop/Progetto/esercizio_11/uart_tappo/uart_tappo_tb_isim_beh.exe
Fuse Memory Usage: 34080 KB
Fuse CPU Usage: 546 ms
