Command line:
   UARTcomponent_isim_beh.exe
     -simmode  gui
     -simrunnum  0
     -socket  53514

Thu Dec 19 00:07:38 2019


 Elaboration Time: 0.046875 sec

 Current Memory Usage: 5156.12 Meg

 Total Signals          : 39
 Total Nets             : 116
 Total Signal Drivers   : 33
 Total Blocks           : 4
 Total Primitive Blocks : 4
 Total Processes        : 18
 Total Traceable Variables  : 14
 Total Scalar Nets and Variables : 518
Total Line Count : 145

 Total Simulation Time: 0.078125 sec

 Current Memory Usage: 5156.12 Meg

Thu Dec 19 00:07:49 2019

