Command line:
   rca_4_isim_beh.exe
     -simmode  gui
     -simrunnum  0
     -socket  55516

Tue Nov 26 16:35:20 2019


 Elaboration Time: 0.046875 sec

 Current Memory Usage: 5155.94 Meg

 Total Signals          : 28
 Total Nets             : 17
 Total Signal Drivers   : 8
 Total Blocks           : 6
 Total Primitive Blocks : 5
 Total Processes        : 8
 Total Traceable Variables  : 8
 Total Scalar Nets and Variables : 377
Total Line Count : 8

 Total Simulation Time: 0.046875 sec

 Current Memory Usage: 5155.94 Meg

Tue Nov 26 16:35:25 2019

