Release 14.5 - xst P.58f (nt64)
Copyright (c) 1995-2012 Xilinx, Inc.  All rights reserved.
--> Parameter TMPDIR set to xst/projnav.tmp


Total REAL time to Xst completion: 1.00 secs
Total CPU time to Xst completion: 0.16 secs
 
--> Parameter xsthdpdir set to xst


Total REAL time to Xst completion: 1.00 secs
Total CPU time to Xst completion: 0.17 secs
 
--> Reading design: display_on_board.prj

TABLE OF CONTENTS
  1) Synthesis Options Summary
  2) HDL Parsing
  3) HDL Elaboration
  4) HDL Synthesis
       4.1) HDL Synthesis Report
  5) Advanced HDL Synthesis
       5.1) Advanced HDL Synthesis Report
  6) Low Level Synthesis
  7) Partition Report
  8) Design Summary
       8.1) Primitive and Black Box Usage
       8.2) Device utilization summary
       8.3) Partition Resource Summary
       8.4) Timing Report
            8.4.1) Clock Information
            8.4.2) Asynchronous Control Signals Information
            8.4.3) Timing Summary
            8.4.4) Timing Details
            8.4.5) Cross Clock Domains Report


=========================================================================
*                      Synthesis Options Summary                        *
=========================================================================
---- Source Parameters
Input File Name                    : "display_on_board.prj"
Ignore Synthesis Constraint File   : NO

---- Target Parameters
Output File Name                   : "display_on_board"
Output Format                      : NGC
Target Device                      : xc7a100t-3-csg324

---- Source Options
Top Module Name                    : display_on_board
Automatic FSM Extraction           : YES
FSM Encoding Algorithm             : Auto
Safe Implementation                : No
FSM Style                          : LUT
RAM Extraction                     : Yes
RAM Style                          : Auto
ROM Extraction                     : Yes
Shift Register Extraction          : YES
ROM Style                          : Auto
Resource Sharing                   : YES
Asynchronous To Synchronous        : NO
Shift Register Minimum Size        : 2
Use DSP Block                      : Auto
Automatic Register Balancing       : No

---- Target Options
LUT Combining                      : Auto
Reduce Control Sets                : Auto
Add IO Buffers                     : YES
Global Maximum Fanout              : 100000
Add Generic Clock Buffer(BUFG)     : 32
Register Duplication               : YES
Optimize Instantiated Primitives   : NO
Use Clock Enable                   : Auto
Use Synchronous Set                : Auto
Use Synchronous Reset              : Auto
Pack IO Registers into IOBs        : Auto
Equivalent register Removal        : YES

---- General Options
Optimization Goal                  : Speed
Optimization Effort                : 1
Power Reduction                    : NO
Keep Hierarchy                     : No
Netlist Hierarchy                  : As_Optimized
RTL Output                         : Yes
Global Optimization                : AllClockNets
Read Cores                         : YES
Write Timing Constraints           : NO
Cross Clock Analysis               : NO
Hierarchy Separator                : /
Bus Delimiter                      : <>
Case Specifier                     : Maintain
Slice Utilization Ratio            : 100
BRAM Utilization Ratio             : 100
DSP48 Utilization Ratio            : 100
Auto BRAM Packing                  : NO
Slice Utilization Ratio Delta      : 5

=========================================================================


=========================================================================
*                          HDL Parsing                                  *
=========================================================================
Parsing VHDL file "C:\Users\Windows\Desktop\ASE\Elaborato_gruppo50\esercizio_02\display_7_segmenti\cathodes_manager.vhd" into library work
Parsing entity <cathodes_manager>.
Parsing architecture <Behavioral> of entity <cathodes_manager>.
Parsing VHDL file "C:\Users\Windows\Desktop\ASE\Elaborato_gruppo50\esercizio_02\display_7_segmenti\anodes_manager.vhd" into library work
Parsing entity <anodes_manager>.
Parsing architecture <Behavioral> of entity <anodes_manager>.
Parsing VHDL file "C:\Users\Windows\Desktop\ASE\Elaborato_gruppo50\esercizio_02\display_7_segmenti\display_seven_segments.vhd" into library work
Parsing entity <display_seven_segments>.
Parsing architecture <Structural> of entity <display_seven_segments>.
Parsing VHDL file "C:\Users\Windows\Desktop\ASE\Elaborato_gruppo50\esercizio_02\display_7_segmenti\control_unit.vhd" into library work
Parsing entity <control_unit>.
Parsing architecture <Behavioral> of entity <control_unit>.
Parsing VHDL file "C:\Users\Windows\Desktop\ASE\Elaborato_gruppo50\esercizio_02\display_7_segmenti\display_on_board.vhd" into library work
Parsing entity <display_on_board>.
Parsing architecture <Structural> of entity <display_on_board>.

=========================================================================
*                            HDL Elaboration                            *
=========================================================================

Elaborating entity <display_on_board> (architecture <Structural>) from library <work>.

Elaborating entity <display_seven_segments> (architecture <Structural>) from library <work>.

Elaborating entity <cathodes_manager> (architecture <Behavioral>) from library <work>.
INFO:HDLCompiler:679 - "C:\Users\Windows\Desktop\ASE\Elaborato_gruppo50\esercizio_02\display_7_segmenti\cathodes_manager.vhd" Line 54. Case statement is complete. others clause is never selected

Elaborating entity <anodes_manager> (architecture <Behavioral>) from library <work>.

Elaborating entity <control_unit> (architecture <Behavioral>) from library <work>.

=========================================================================
*                           HDL Synthesis                               *
=========================================================================

Synthesizing Unit <display_on_board>.
    Related source file is "C:\Users\Windows\Desktop\ASE\Elaborato_gruppo50\esercizio_02\display_7_segmenti\display_on_board.vhd".
    Summary:
	no macro.
Unit <display_on_board> synthesized.

Synthesizing Unit <display_seven_segments>.
    Related source file is "C:\Users\Windows\Desktop\ASE\Elaborato_gruppo50\esercizio_02\display_7_segmenti\display_seven_segments.vhd".
WARNING:Xst:647 - Input <clock> is never used. This port will be preserved and left unconnected if it belongs to a top-level block or it belongs to a sub-block and the hierarchy of this sub-block is preserved.
    Summary:
	no macro.
Unit <display_seven_segments> synthesized.

Synthesizing Unit <cathodes_manager>.
    Related source file is "C:\Users\Windows\Desktop\ASE\Elaborato_gruppo50\esercizio_02\display_7_segmenti\cathodes_manager.vhd".
    Summary:
	no macro.
Unit <cathodes_manager> synthesized.

Synthesizing Unit <anodes_manager>.
    Related source file is "C:\Users\Windows\Desktop\ASE\Elaborato_gruppo50\esercizio_02\display_7_segmenti\anodes_manager.vhd".
    Summary:
	no macro.
Unit <anodes_manager> synthesized.

Synthesizing Unit <control_unit>.
    Related source file is "C:\Users\Windows\Desktop\ASE\Elaborato_gruppo50\esercizio_02\display_7_segmenti\control_unit.vhd".
    Found 4-bit register for signal <reg_value>.
    Summary:
	inferred   4 D-type flip-flop(s).
Unit <control_unit> synthesized.

=========================================================================
HDL Synthesis Report

Macro Statistics
# Registers                                            : 1
 4-bit register                                        : 1

=========================================================================

=========================================================================
*                       Advanced HDL Synthesis                          *
=========================================================================


=========================================================================
Advanced HDL Synthesis Report

Macro Statistics
# Registers                                            : 4
 Flip-Flops                                            : 4

=========================================================================

=========================================================================
*                         Low Level Synthesis                           *
=========================================================================

Optimizing unit <display_on_board> ...

Mapping all equations...
Building and optimizing final netlist ...
Found area constraint ratio of 100 (+ 5) on block display_on_board, actual ratio is 0.

Final Macro Processing ...

=========================================================================
Final Register Report

Macro Statistics
# Registers                                            : 4
 Flip-Flops                                            : 4

=========================================================================

=========================================================================
*                           Partition Report                            *
=========================================================================

Partition Implementation Status
-------------------------------

  No Partitions were found in this design.

-------------------------------

=========================================================================
*                            Design Summary                             *
=========================================================================

Top Level Output File Name         : display_on_board.ngc

Primitive and Black Box Usage:
------------------------------
# BELS                             : 9
#      GND                         : 1
#      LUT4                        : 7
#      VCC                         : 1
# FlipFlops/Latches                : 4
#      FDC                         : 4
# Clock Buffers                    : 1
#      BUFGP                       : 1
# IO Buffers                       : 21
#      IBUF                        : 5
#      OBUF                        : 16

Device utilization summary:
---------------------------

Selected Device : 7a100tcsg324-3 


Slice Logic Utilization: 
 Number of Slice LUTs:                    7  out of  63400     0%  
    Number used as Logic:                 7  out of  63400     0%  

Slice Logic Distribution: 
 Number of LUT Flip Flop pairs used:      7
   Number with an unused Flip Flop:       7  out of      7   100%  
   Number with an unused LUT:             0  out of      7     0%  
   Number of fully used LUT-FF pairs:     0  out of      7     0%  
   Number of unique control sets:         1

IO Utilization: 
 Number of IOs:                          22
 Number of bonded IOBs:                  22  out of    210    10%  
    IOB Flip Flops/Latches:               4

Specific Feature Utilization:
 Number of BUFG/BUFGCTRL/BUFHCEs:         1  out of    128     0%  

---------------------------
Partition Resource Summary:
---------------------------

  No Partitions were found in this design.

---------------------------


=========================================================================
Timing Report

NOTE: THESE TIMING NUMBERS ARE ONLY A SYNTHESIS ESTIMATE.
      FOR ACCURATE TIMING INFORMATION PLEASE REFER TO THE TRACE REPORT
      GENERATED AFTER PLACE-and-ROUTE.

Clock Information:
------------------
-----------------------------------+------------------------+-------+
Clock Signal                       | Clock buffer(FF name)  | Load  |
-----------------------------------+------------------------+-------+
clock                              | BUFGP                  | 4     |
-----------------------------------+------------------------+-------+

Asynchronous Control Signals Information:
----------------------------------------
No asynchronous control signals found in this design

Timing Summary:
---------------
Speed Grade: -3

   Minimum period: No path found
   Minimum input arrival time before clock: 0.643ns
   Maximum output required time after clock: 1.322ns
   Maximum combinational path delay: No path found

Timing Details:
---------------
All values displayed in nanoseconds (ns)

=========================================================================
Timing constraint: Default OFFSET IN BEFORE for Clock 'clock'
  Total number of paths / destination ports: 8 / 8
-------------------------------------------------------------------------
Offset:              0.643ns (Levels of Logic = 1)
  Source:            reset (PAD)
  Destination:       cu/reg_value_3 (FF)
  Destination Clock: clock rising

  Data Path: reset to cu/reg_value_3
                                Gate     Net
    Cell:in->out      fanout   Delay   Delay  Logical Name (Net Name)
    ----------------------------------------  ------------
     IBUF:I->O             4   0.001   0.293  reset_IBUF (cu/reset_n_inv)
     FDC:CLR                   0.349          cu/reg_value_0
    ----------------------------------------
    Total                      0.643ns (0.350ns logic, 0.293ns route)
                                       (54.4% logic, 45.6% route)

=========================================================================
Timing constraint: Default OFFSET OUT AFTER for Clock 'clock'
  Total number of paths / destination ports: 28 / 7
-------------------------------------------------------------------------
Offset:              1.322ns (Levels of Logic = 2)
  Source:            cu/reg_value_1 (FF)
  Destination:       cathodes<6> (PAD)
  Source Clock:      clock rising

  Data Path: cu/reg_value_1 to cathodes<6>
                                Gate     Net
    Cell:in->out      fanout   Delay   Delay  Logical Name (Net Name)
    ----------------------------------------  ------------
     FDC:C->Q              7   0.361   0.584  cu/reg_value_1 (cu/reg_value_1)
     LUT4:I0->O            1   0.097   0.279  seven_segment_array/cathodes_instance/cathodes_for_digit<1>1 (cathodes_6_OBUF)
     OBUF:I->O                 0.000          cathodes_6_OBUF (cathodes<6>)
    ----------------------------------------
    Total                      1.322ns (0.458ns logic, 0.864ns route)
                                       (34.7% logic, 65.3% route)

=========================================================================

Cross Clock Domains Report:
--------------------------

=========================================================================


Total REAL time to Xst completion: 10.00 secs
Total CPU time to Xst completion: 9.40 secs
 
--> 

Total memory usage is 4624348 kilobytes

Number of errors   :    0 (   0 filtered)
Number of warnings :    1 (   0 filtered)
Number of infos    :    0 (   0 filtered)

