Command line:
   uart_2_tb_isim_beh.exe
     -simmode  gui
     -simrunnum  0
     -socket  58280

Tue Mar 17 21:33:06 2020


 Elaboration Time: 0.015625 sec

 Current Memory Usage: 5156.07 Meg

 Total Signals          : 20
 Total Nets             : 38
 Total Signal Drivers   : 8
 Total Blocks           : 4
 Total Primitive Blocks : 2
 Total Processes        : 6
 Total Traceable Variables  : 9
 Total Scalar Nets and Variables : 399
Total Line Count : 19

 Total Simulation Time: 0.015625 sec

 Current Memory Usage: 4684.21 Meg

Tue Mar 17 21:35:36 2020

