Release 14.5 - xst P.58f (nt64)
Copyright (c) 1995-2012 Xilinx, Inc.  All rights reserved.
--> Parameter TMPDIR set to xst/projnav.tmp


Total REAL time to Xst completion: 0.00 secs
Total CPU time to Xst completion: 0.10 secs
 
--> Parameter xsthdpdir set to xst


Total REAL time to Xst completion: 0.00 secs
Total CPU time to Xst completion: 0.10 secs
 
--> Reading design: display_on_board.prj

TABLE OF CONTENTS
  1) Synthesis Options Summary
  2) HDL Parsing
  3) HDL Elaboration
  4) HDL Synthesis
       4.1) HDL Synthesis Report
  5) Advanced HDL Synthesis
       5.1) Advanced HDL Synthesis Report
  6) Low Level Synthesis
  7) Partition Report
  8) Design Summary
       8.1) Primitive and Black Box Usage
       8.2) Device utilization summary
       8.3) Partition Resource Summary
       8.4) Timing Report
            8.4.1) Clock Information
            8.4.2) Asynchronous Control Signals Information
            8.4.3) Timing Summary
            8.4.4) Timing Details
            8.4.5) Cross Clock Domains Report


=========================================================================
*                      Synthesis Options Summary                        *
=========================================================================
---- Source Parameters
Input File Name                    : "display_on_board.prj"
Ignore Synthesis Constraint File   : NO

---- Target Parameters
Output File Name                   : "display_on_board"
Output Format                      : NGC
Target Device                      : xc7a100t-3-csg324

---- Source Options
Top Module Name                    : display_on_board
Automatic FSM Extraction           : YES
FSM Encoding Algorithm             : Auto
Safe Implementation                : No
FSM Style                          : LUT
RAM Extraction                     : Yes
RAM Style                          : Auto
ROM Extraction                     : Yes
Shift Register Extraction          : YES
ROM Style                          : Auto
Resource Sharing                   : YES
Asynchronous To Synchronous        : NO
Shift Register Minimum Size        : 2
Use DSP Block                      : Auto
Automatic Register Balancing       : No

---- Target Options
LUT Combining                      : Auto
Reduce Control Sets                : Auto
Add IO Buffers                     : YES
Global Maximum Fanout              : 100000
Add Generic Clock Buffer(BUFG)     : 32
Register Duplication               : YES
Optimize Instantiated Primitives   : NO
Use Clock Enable                   : Auto
Use Synchronous Set                : Auto
Use Synchronous Reset              : Auto
Pack IO Registers into IOBs        : Auto
Equivalent register Removal        : YES

---- General Options
Optimization Goal                  : Speed
Optimization Effort                : 1
Power Reduction                    : NO
Keep Hierarchy                     : No
Netlist Hierarchy                  : As_Optimized
RTL Output                         : Yes
Global Optimization                : AllClockNets
Read Cores                         : YES
Write Timing Constraints           : NO
Cross Clock Analysis               : NO
Hierarchy Separator                : /
Bus Delimiter                      : <>
Case Specifier                     : Maintain
Slice Utilization Ratio            : 100
BRAM Utilization Ratio             : 100
DSP48 Utilization Ratio            : 100
Auto BRAM Packing                  : NO
Slice Utilization Ratio Delta      : 5

=========================================================================


=========================================================================
*                          HDL Parsing                                  *
=========================================================================
Parsing VHDL file "C:\Users\Windows\Desktop\Progetto\esercizio_10\divisore.vhd" into library work
Parsing entity <divisore>.
Parsing architecture <behavioral> of entity <divisore>.
Parsing VHDL file "C:\Users\Windows\Desktop\Progetto\esercizio_10\counter_mod4.vhd" into library work
Parsing entity <counter_mod4>.
Parsing architecture <Behavioral> of entity <counter_mod4>.
Parsing VHDL file "C:\Users\Windows\Desktop\Progetto\esercizio_10\control_unit.vhd" into library work
Parsing entity <control_unit>.
Parsing architecture <Behavioral> of entity <control_unit>.
Parsing VHDL file "C:\Users\Windows\Desktop\Progetto\esercizio_10\clock_filter.vhd" into library work
Parsing entity <clock_filter>.
Parsing architecture <Behavioral> of entity <clock_filter>.
Parsing VHDL file "C:\Users\Windows\Desktop\Progetto\esercizio_10\cathodes_manager.vhd" into library work
Parsing entity <cathodes_manager>.
Parsing architecture <Behavioral> of entity <cathodes_manager>.
Parsing VHDL file "C:\Users\Windows\Desktop\Progetto\esercizio_10\anodes_manager.vhd" into library work
Parsing entity <anodes_manager>.
Parsing architecture <Behavioral> of entity <anodes_manager>.
Parsing VHDL file "C:\Users\Windows\Desktop\Progetto\esercizio_10\divisore_non_restoring.vhd" into library work
Parsing entity <divisore_restoring>.
Parsing architecture <structural> of entity <divisore_restoring>.
Parsing VHDL file "C:\Users\Windows\Desktop\Progetto\esercizio_10\display_seven_segments.vhd" into library work
Parsing entity <display_seven_segments>.
Parsing architecture <Structural> of entity <display_seven_segments>.
Parsing VHDL file "C:\Users\Windows\Desktop\Progetto\esercizio_10\display_on_board.vhd" into library work
Parsing entity <display_on_board>.
Parsing architecture <Structural> of entity <display_on_board>.

=========================================================================
*                            HDL Elaboration                            *
=========================================================================

Elaborating entity <display_on_board> (architecture <Structural>) from library <work>.

Elaborating entity <display_seven_segments> (architecture <Structural>) with generics from library <work>.

Elaborating entity <clock_filter> (architecture <Behavioral>) with generics from library <work>.

Elaborating entity <cathodes_manager> (architecture <Behavioral>) from library <work>.
INFO:HDLCompiler:679 - "C:\Users\Windows\Desktop\Progetto\esercizio_10\cathodes_manager.vhd" Line 50. Case statement is complete. others clause is never selected
INFO:HDLCompiler:679 - "C:\Users\Windows\Desktop\Progetto\esercizio_10\cathodes_manager.vhd" Line 75. Case statement is complete. others clause is never selected

Elaborating entity <counter_mod4> (architecture <Behavioral>) from library <work>.
WARNING:HDLCompiler:92 - "C:\Users\Windows\Desktop\Progetto\esercizio_10\counter_mod4.vhd" Line 56: enable should be on the sensitivity list of the process

Elaborating entity <anodes_manager> (architecture <Behavioral>) from library <work>.
INFO:HDLCompiler:679 - "C:\Users\Windows\Desktop\Progetto\esercizio_10\anodes_manager.vhd" Line 29. Case statement is complete. others clause is never selected

Elaborating entity <divisore_restoring> (architecture <structural>) from library <work>.

Elaborating entity <divisore> (architecture <behavioral>) from library <work>.

Elaborating entity <control_unit> (architecture <Behavioral>) from library <work>.

=========================================================================
*                           HDL Synthesis                               *
=========================================================================

Synthesizing Unit <display_on_board>.
    Related source file is "C:\Users\Windows\Desktop\Progetto\esercizio_10\display_on_board.vhd".
    Summary:
	no macro.
Unit <display_on_board> synthesized.

Synthesizing Unit <display_seven_segments>.
    Related source file is "C:\Users\Windows\Desktop\Progetto\esercizio_10\display_seven_segments.vhd".
        clock_frequency_in = 100000000
        clock_frequency_out = 50000
    Summary:
	no macro.
Unit <display_seven_segments> synthesized.

Synthesizing Unit <clock_filter>.
    Related source file is "C:\Users\Windows\Desktop\Progetto\esercizio_10\clock_filter.vhd".
        clock_frequency_in = 100000000
        clock_frequency_out = 50000
    Found 11-bit register for signal <count_for_division.counter>.
    Found 1-bit register for signal <clockfx>.
    Found 11-bit adder for signal <count_for_division.counter[10]_GND_5_o_add_1_OUT> created at line 38.
    Summary:
	inferred   1 Adder/Subtractor(s).
	inferred  12 D-type flip-flop(s).
	inferred   1 Multiplexer(s).
Unit <clock_filter> synthesized.

Synthesizing Unit <cathodes_manager>.
    Related source file is "C:\Users\Windows\Desktop\Progetto\esercizio_10\cathodes_manager.vhd".
    Summary:
	inferred   4 Multiplexer(s).
Unit <cathodes_manager> synthesized.

Synthesizing Unit <counter_mod4>.
    Related source file is "C:\Users\Windows\Desktop\Progetto\esercizio_10\counter_mod4.vhd".
    Found 1-bit register for signal <c>.
    Summary:
	inferred   1 D-type flip-flop(s).
Unit <counter_mod4> synthesized.

Synthesizing Unit <anodes_manager>.
    Related source file is "C:\Users\Windows\Desktop\Progetto\esercizio_10\anodes_manager.vhd".
    Summary:
	no macro.
Unit <anodes_manager> synthesized.

Synthesizing Unit <divisore_restoring>.
    Related source file is "C:\Users\Windows\Desktop\Progetto\esercizio_10\divisore_non_restoring.vhd".
INFO:Xst:3210 - "C:\Users\Windows\Desktop\Progetto\esercizio_10\divisore_non_restoring.vhd" line 101: Output port <ready> of the instance <div> is unconnected or connected to loadless signal.
INFO:Xst:3210 - "C:\Users\Windows\Desktop\Progetto\esercizio_10\divisore_non_restoring.vhd" line 101: Output port <done_tick> of the instance <div> is unconnected or connected to loadless signal.
    Summary:
	no macro.
Unit <divisore_restoring> synthesized.

Synthesizing Unit <divisore>.
    Related source file is "C:\Users\Windows\Desktop\Progetto\esercizio_10\divisore.vhd".
    Found 4-bit register for signal <rh_reg>.
    Found 4-bit register for signal <rl_reg>.
    Found 4-bit register for signal <d_reg>.
    Found 3-bit register for signal <n_reg>.
    Found 2-bit register for signal <state>.
    Found finite state machine <FSM_0> for signal <state>.
    -----------------------------------------------------------------------
    | States             | 4                                              |
    | Transitions        | 6                                              |
    | Inputs             | 2                                              |
    | Outputs            | 4                                              |
    | Clock              | clk (rising_edge)                              |
    | Reset              | reset (positive)                               |
    | Reset type         | asynchronous                                   |
    | Reset State        | idle                                           |
    | Power Up State     | idle                                           |
    | Encoding           | auto                                           |
    | Implementation     | LUT                                            |
    -----------------------------------------------------------------------
    Found 3-bit subtractor for signal <GND_11_o_GND_11_o_sub_11_OUT<2:0>> created at line 1308.
    Found 4-bit subtractor for signal <GND_11_o_GND_11_o_sub_22_OUT<3:0>> created at line 90.
    Found 3-bit 3-to-1 multiplexer for signal <n_next> created at line 57.
    Found 4-bit comparator lessequal for signal <n0019> created at line 89
    Summary:
	inferred   2 Adder/Subtractor(s).
	inferred  15 D-type flip-flop(s).
	inferred   1 Comparator(s).
	inferred   7 Multiplexer(s).
	inferred   1 Finite State Machine(s).
Unit <divisore> synthesized.

Synthesizing Unit <control_unit>.
    Related source file is "C:\Users\Windows\Desktop\Progetto\esercizio_10\control_unit.vhd".
    Found 4-bit register for signal <reg_second>.
    Found 4-bit register for signal <reg_first>.
    Summary:
	inferred   8 D-type flip-flop(s).
Unit <control_unit> synthesized.

=========================================================================
HDL Synthesis Report

Macro Statistics
# Adders/Subtractors                                   : 4
 11-bit adder                                          : 2
 3-bit subtractor                                      : 1
 4-bit subtractor                                      : 1
# Registers                                            : 11
 1-bit register                                        : 3
 11-bit register                                       : 2
 3-bit register                                        : 1
 4-bit register                                        : 5
# Comparators                                          : 1
 4-bit comparator lessequal                            : 1
# Multiplexers                                         : 13
 1-bit 2-to-1 multiplexer                              : 4
 11-bit 2-to-1 multiplexer                             : 2
 3-bit 2-to-1 multiplexer                              : 1
 3-bit 3-to-1 multiplexer                              : 1
 4-bit 2-to-1 multiplexer                              : 5
# FSMs                                                 : 1

=========================================================================

=========================================================================
*                       Advanced HDL Synthesis                          *
=========================================================================


Synthesizing (advanced) Unit <clock_filter>.
The following registers are absorbed into counter <count_for_division.counter>: 1 register on signal <count_for_division.counter>.
Unit <clock_filter> synthesized (advanced).

=========================================================================
Advanced HDL Synthesis Report

Macro Statistics
# Adders/Subtractors                                   : 2
 3-bit subtractor                                      : 1
 4-bit subtractor                                      : 1
# Counters                                             : 2
 11-bit up counter                                     : 2
# Registers                                            : 26
 Flip-Flops                                            : 26
# Comparators                                          : 1
 4-bit comparator lessequal                            : 1
# Multiplexers                                         : 11
 1-bit 2-to-1 multiplexer                              : 4
 3-bit 2-to-1 multiplexer                              : 1
 3-bit 3-to-1 multiplexer                              : 1
 4-bit 2-to-1 multiplexer                              : 5
# FSMs                                                 : 1

=========================================================================

=========================================================================
*                         Low Level Synthesis                           *
=========================================================================
Analyzing FSM <MFsm> for best encoding.
Optimizing FSM <dnr/div/FSM_0> on signal <state[1:2]> with user encoding.
-------------------
 State | Encoding
-------------------
 idle  | 00
 op    | 01
 last  | 10
 done  | 11
-------------------

Optimizing unit <display_on_board> ...

Optimizing unit <control_unit> ...

Optimizing unit <divisore> ...
INFO:Xst:2261 - The FF/Latch <dnr/cf/count_for_division.counter_0> in Unit <display_on_board> is equivalent to the following FF/Latch, which will be removed : <seven_segment_array/clk_filter/count_for_division.counter_0> 
INFO:Xst:2261 - The FF/Latch <dnr/cf/count_for_division.counter_1> in Unit <display_on_board> is equivalent to the following FF/Latch, which will be removed : <seven_segment_array/clk_filter/count_for_division.counter_1> 
INFO:Xst:2261 - The FF/Latch <dnr/cf/count_for_division.counter_2> in Unit <display_on_board> is equivalent to the following FF/Latch, which will be removed : <seven_segment_array/clk_filter/count_for_division.counter_2> 
INFO:Xst:2261 - The FF/Latch <dnr/cf/count_for_division.counter_3> in Unit <display_on_board> is equivalent to the following FF/Latch, which will be removed : <seven_segment_array/clk_filter/count_for_division.counter_3> 
INFO:Xst:2261 - The FF/Latch <dnr/cf/count_for_division.counter_4> in Unit <display_on_board> is equivalent to the following FF/Latch, which will be removed : <seven_segment_array/clk_filter/count_for_division.counter_4> 
INFO:Xst:2261 - The FF/Latch <dnr/cf/count_for_division.counter_5> in Unit <display_on_board> is equivalent to the following FF/Latch, which will be removed : <seven_segment_array/clk_filter/count_for_division.counter_5> 
INFO:Xst:2261 - The FF/Latch <dnr/cf/count_for_division.counter_6> in Unit <display_on_board> is equivalent to the following FF/Latch, which will be removed : <seven_segment_array/clk_filter/count_for_division.counter_6> 
INFO:Xst:2261 - The FF/Latch <dnr/cf/count_for_division.counter_7> in Unit <display_on_board> is equivalent to the following FF/Latch, which will be removed : <seven_segment_array/clk_filter/count_for_division.counter_7> 
INFO:Xst:2261 - The FF/Latch <dnr/cf/count_for_division.counter_8> in Unit <display_on_board> is equivalent to the following FF/Latch, which will be removed : <seven_segment_array/clk_filter/count_for_division.counter_8> 
INFO:Xst:2261 - The FF/Latch <dnr/cf/count_for_division.counter_9> in Unit <display_on_board> is equivalent to the following FF/Latch, which will be removed : <seven_segment_array/clk_filter/count_for_division.counter_9> 
INFO:Xst:2261 - The FF/Latch <dnr/cf/count_for_division.counter_10> in Unit <display_on_board> is equivalent to the following FF/Latch, which will be removed : <seven_segment_array/clk_filter/count_for_division.counter_10> 

Mapping all equations...
Building and optimizing final netlist ...
INFO:Xst:2261 - The FF/Latch <dnr/cf/clockfx> in Unit <display_on_board> is equivalent to the following FF/Latch, which will be removed : <seven_segment_array/clk_filter/clockfx> 
Found area constraint ratio of 100 (+ 5) on block display_on_board, actual ratio is 0.

Final Macro Processing ...

=========================================================================
Final Register Report

Macro Statistics
# Registers                                            : 38
 Flip-Flops                                            : 38

=========================================================================

=========================================================================
*                           Partition Report                            *
=========================================================================

Partition Implementation Status
-------------------------------

  No Partitions were found in this design.

-------------------------------

=========================================================================
*                            Design Summary                             *
=========================================================================

Top Level Output File Name         : display_on_board.ngc

Primitive and Black Box Usage:
------------------------------
# BELS                             : 79
#      GND                         : 1
#      INV                         : 1
#      LUT2                        : 6
#      LUT3                        : 6
#      LUT4                        : 10
#      LUT5                        : 3
#      LUT6                        : 30
#      MUXCY                       : 10
#      VCC                         : 1
#      XORCY                       : 11
# FlipFlops/Latches                : 38
#      FDC                         : 18
#      FDCE                        : 20
# Clock Buffers                    : 1
#      BUFGP                       : 1
# IO Buffers                       : 23
#      IBUF                        : 7
#      OBUF                        : 16

Device utilization summary:
---------------------------

Selected Device : 7a100tcsg324-3 


Slice Logic Utilization: 
 Number of Slice Registers:              38  out of  126800     0%  
 Number of Slice LUTs:                   56  out of  63400     0%  
    Number used as Logic:                56  out of  63400     0%  

Slice Logic Distribution: 
 Number of LUT Flip Flop pairs used:     64
   Number with an unused Flip Flop:      26  out of     64    40%  
   Number with an unused LUT:             8  out of     64    12%  
   Number of fully used LUT-FF pairs:    30  out of     64    46%  
   Number of unique control sets:         5

IO Utilization: 
 Number of IOs:                          24
 Number of bonded IOBs:                  24  out of    210    11%  

Specific Feature Utilization:
 Number of BUFG/BUFGCTRL/BUFHCEs:         1  out of    128     0%  

---------------------------
Partition Resource Summary:
---------------------------

  No Partitions were found in this design.

---------------------------


=========================================================================
Timing Report

NOTE: THESE TIMING NUMBERS ARE ONLY A SYNTHESIS ESTIMATE.
      FOR ACCURATE TIMING INFORMATION PLEASE REFER TO THE TRACE REPORT
      GENERATED AFTER PLACE-and-ROUTE.

Clock Information:
------------------
-----------------------------------+-------------------------+-------+
Clock Signal                       | Clock buffer(FF name)   | Load  |
-----------------------------------+-------------------------+-------+
clock                              | BUFGP                   | 30    |
dnr/cf/clockfx                     | NONE(dnr/cu/reg_first_3)| 8     |
-----------------------------------+-------------------------+-------+
INFO:Xst:2169 - HDL ADVISOR - Some clock signals were not automatically buffered by XST with BUFG/BUFR resources. Please use the buffer_type constraint in order to insert these buffers to the clock signals to help prevent skew problems.

Asynchronous Control Signals Information:
----------------------------------------
No asynchronous control signals found in this design

Timing Summary:
---------------
Speed Grade: -3

   Minimum period: 2.536ns (Maximum Frequency: 394.291MHz)
   Minimum input arrival time before clock: 0.912ns
   Maximum output required time after clock: 2.123ns
   Maximum combinational path delay: No path found

Timing Details:
---------------
All values displayed in nanoseconds (ns)

=========================================================================
Timing constraint: Default period analysis for Clock 'clock'
  Clock period: 2.536ns (frequency: 394.291MHz)
  Total number of paths / destination ports: 1060 / 38
-------------------------------------------------------------------------
Delay:               2.536ns (Levels of Logic = 13)
  Source:            dnr/cf/count_for_division.counter_10 (FF)
  Destination:       dnr/cf/count_for_division.counter_10 (FF)
  Source Clock:      clock rising
  Destination Clock: clock rising

  Data Path: dnr/cf/count_for_division.counter_10 to dnr/cf/count_for_division.counter_10
                                Gate     Net
    Cell:in->out      fanout   Delay   Delay  Logical Name (Net Name)
    ----------------------------------------  ------------
     FDC:C->Q              2   0.361   0.697  dnr/cf/count_for_division.counter_10 (dnr/cf/count_for_division.counter_10)
     LUT6:I0->O           12   0.097   0.346  dnr/cf/PWR_5_o_count_for_division.counter[10]_equal_1_o<10>_SW0 (N2)
     LUT6:I5->O            1   0.097   0.000  dnr/cf/Mcount_count_for_division.counter_lut<0> (dnr/cf/Mcount_count_for_division.counter_lut<0>)
     MUXCY:S->O            1   0.353   0.000  dnr/cf/Mcount_count_for_division.counter_cy<0> (dnr/cf/Mcount_count_for_division.counter_cy<0>)
     MUXCY:CI->O           1   0.023   0.000  dnr/cf/Mcount_count_for_division.counter_cy<1> (dnr/cf/Mcount_count_for_division.counter_cy<1>)
     MUXCY:CI->O           1   0.023   0.000  dnr/cf/Mcount_count_for_division.counter_cy<2> (dnr/cf/Mcount_count_for_division.counter_cy<2>)
     MUXCY:CI->O           1   0.023   0.000  dnr/cf/Mcount_count_for_division.counter_cy<3> (dnr/cf/Mcount_count_for_division.counter_cy<3>)
     MUXCY:CI->O           1   0.023   0.000  dnr/cf/Mcount_count_for_division.counter_cy<4> (dnr/cf/Mcount_count_for_division.counter_cy<4>)
     MUXCY:CI->O           1   0.023   0.000  dnr/cf/Mcount_count_for_division.counter_cy<5> (dnr/cf/Mcount_count_for_division.counter_cy<5>)
     MUXCY:CI->O           1   0.023   0.000  dnr/cf/Mcount_count_for_division.counter_cy<6> (dnr/cf/Mcount_count_for_division.counter_cy<6>)
     MUXCY:CI->O           1   0.023   0.000  dnr/cf/Mcount_count_for_division.counter_cy<7> (dnr/cf/Mcount_count_for_division.counter_cy<7>)
     MUXCY:CI->O           1   0.023   0.000  dnr/cf/Mcount_count_for_division.counter_cy<8> (dnr/cf/Mcount_count_for_division.counter_cy<8>)
     MUXCY:CI->O           0   0.023   0.000  dnr/cf/Mcount_count_for_division.counter_cy<9> (dnr/cf/Mcount_count_for_division.counter_cy<9>)
     XORCY:CI->O           1   0.370   0.000  dnr/cf/Mcount_count_for_division.counter_xor<10> (dnr/cf/Mcount_count_for_division.counter10)
     FDC:D                     0.008          dnr/cf/count_for_division.counter_10
    ----------------------------------------
    Total                      2.536ns (1.493ns logic, 1.043ns route)
                                       (58.9% logic, 41.1% route)

=========================================================================
Timing constraint: Default OFFSET IN BEFORE for Clock 'clock'
  Total number of paths / destination ports: 47 / 46
-------------------------------------------------------------------------
Offset:              0.912ns (Levels of Logic = 2)
  Source:            load_second (PAD)
  Destination:       dnr/div/rh_reg_3 (FF)
  Destination Clock: clock rising

  Data Path: load_second to dnr/div/rh_reg_3
                                Gate     Net
    Cell:in->out      fanout   Delay   Delay  Logical Name (Net Name)
    ----------------------------------------  ------------
     IBUF:I->O             7   0.001   0.407  load_second_IBUF (load_second_IBUF)
     LUT3:I1->O            8   0.097   0.311  dnr/div/_n0076_inv1 (dnr/div/_n0076_inv)
     FDCE:CE                   0.095          dnr/div/rh_reg_0
    ----------------------------------------
    Total                      0.912ns (0.193ns logic, 0.719ns route)
                                       (21.2% logic, 78.8% route)

=========================================================================
Timing constraint: Default OFFSET IN BEFORE for Clock 'dnr/cf/clockfx'
  Total number of paths / destination ports: 28 / 24
-------------------------------------------------------------------------
Offset:              0.885ns (Levels of Logic = 2)
  Source:            load_first (PAD)
  Destination:       dnr/cu/reg_second_3 (FF)
  Destination Clock: dnr/cf/clockfx rising

  Data Path: load_first to dnr/cu/reg_second_3
                                Gate     Net
    Cell:in->out      fanout   Delay   Delay  Logical Name (Net Name)
    ----------------------------------------  ------------
     IBUF:I->O             5   0.001   0.398  load_first_IBUF (load_first_IBUF)
     LUT2:I0->O            4   0.097   0.293  dnr/cu/_n0021_inv1 (dnr/cu/_n0021_inv)
     FDCE:CE                   0.095          dnr/cu/reg_second_0
    ----------------------------------------
    Total                      0.885ns (0.193ns logic, 0.691ns route)
                                       (21.8% logic, 78.2% route)

=========================================================================
Timing constraint: Default OFFSET OUT AFTER for Clock 'clock'
  Total number of paths / destination ports: 86 / 9
-------------------------------------------------------------------------
Offset:              2.123ns (Levels of Logic = 3)
  Source:            seven_segment_array/counter_instance/c (FF)
  Destination:       cathodes<6> (PAD)
  Source Clock:      clock rising

  Data Path: seven_segment_array/counter_instance/c to cathodes<6>
                                Gate     Net
    Cell:in->out      fanout   Delay   Delay  Logical Name (Net Name)
    ----------------------------------------  ------------
     FDC:C->Q             13   0.361   0.567  seven_segment_array/counter_instance/c (seven_segment_array/counter_instance/c)
     LUT3:I0->O            7   0.097   0.721  seven_segment_array/cathodes_instance/Mmux_nibble<1>11 (seven_segment_array/cathodes_instance/nibble<1>)
     LUT6:I0->O            1   0.097   0.279  seven_segment_array/cathodes_instance/cathodes_for_digit<3>1 (cathodes_4_OBUF)
     OBUF:I->O                 0.000          cathodes_4_OBUF (cathodes<4>)
    ----------------------------------------
    Total                      2.123ns (0.555ns logic, 1.568ns route)
                                       (26.1% logic, 73.9% route)

=========================================================================

Cross Clock Domains Report:
--------------------------

Clock to Setup on destination clock clock
---------------+---------+---------+---------+---------+
               | Src:Rise| Src:Fall| Src:Rise| Src:Fall|
Source Clock   |Dest:Rise|Dest:Rise|Dest:Fall|Dest:Fall|
---------------+---------+---------+---------+---------+
clock          |    2.536|         |         |         |
dnr/cf/clockfx |    1.022|         |         |         |
---------------+---------+---------+---------+---------+

=========================================================================


Total REAL time to Xst completion: 8.00 secs
Total CPU time to Xst completion: 7.82 secs
 
--> 

Total memory usage is 4623788 kilobytes

Number of errors   :    0 (   0 filtered)
Number of warnings :    1 (   0 filtered)
Number of infos    :   15 (   0 filtered)

