Running: C:\Xilinx\14.5\ISE_DS\ISE\bin\nt64\unwrapped\fuse.exe -intstyle ise -incremental -lib secureip -o C:/Users/Windows/Desktop/Progetto/esercizio_10/divisore_tb_isim_beh.exe -prj C:/Users/Windows/Desktop/Progetto/esercizio_10/divisore_tb_beh.prj work.divisore_tb 
ISim P.58f (signature 0x7708f090)
Number of CPUs detected in this system: 8
Turning on mult-threading, number of parallel sub-compilation jobs: 16 
Determining compilation order of HDL files
Parsing VHDL file "C:/Users/Windows/Desktop/Progetto/esercizio_10/divisore.vhd" into library work
Parsing VHDL file "C:/Users/Windows/Desktop/Progetto/esercizio_10/divisore_tb.vhd" into library work
Starting static elaboration
Completed static elaboration
Compiling package standard
Compiling package std_logic_1164
Compiling package numeric_std
Compiling architecture behavioral of entity divisore [divisore_default]
Compiling architecture behavior of entity divisore_tb
Time Resolution for simulation is 1ps.
WARNING:Simulator - Unable to copy libPortabilityNOSH.dll to the simulation executable directory: boost::filesystem::copy_file: Impossibile trovare il percorso specificato, "isim\divisore_tb_isim_beh.exe.sim\libPortability.dll".
Compiled 6 VHDL Units
Built simulation executable C:/Users/Windows/Desktop/Progetto/esercizio_10/divisore_tb_isim_beh.exe
Fuse Memory Usage: 35308 KB
Fuse CPU Usage: 515 ms
