Command line:
   et_sami_tb_isim_beh.exe
     -simmode  gui
     -simrunnum  0
     -socket  54266

Sat Nov 23 19:06:12 2019


 Elaboration Time: 0.03125 sec

 Current Memory Usage: 5155.34 Meg

 Total Signals          : 12
 Total Nets             : 7
 Total Signal Drivers   : 7
 Total Blocks           : 3
 Total Primitive Blocks : 2
 Total Processes        : 4
 Total Traceable Variables  : 9
 Total Scalar Nets and Variables : 368
Total Line Count : 26

 Total Simulation Time: 0.03125 sec

 Current Memory Usage: 4998.05 Meg

Sat Nov 23 19:08:21 2019

