Running: C:\Xilinx\14.5\ISE_DS\ISE\bin\nt64\unwrapped\fuse.exe -intstyle ise -incremental -lib secureip -o C:/Users/Windows/Desktop/ASE/esempiVHDL/Esercizio_07/arbitro_testbench_isim_beh.exe -prj C:/Users/Windows/Desktop/ASE/esempiVHDL/Esercizio_07/arbitro_testbench_beh.prj work.arbitro_testbench 
ISim P.58f (signature 0x7708f090)
Number of CPUs detected in this system: 8
Turning on mult-threading, number of parallel sub-compilation jobs: 16 
Determining compilation order of HDL files
Parsing VHDL file "C:/Users/Windows/Desktop/ASE/esempiVHDL/Esercizio_07/../../progetti_completi/esercizio_arbitro/arbitro.vhd" into library work
Parsing VHDL file "C:/Users/Windows/Desktop/ASE/esempiVHDL/Esercizio_07/../../progetti_completi/esercizio_arbitro/arbitro_testbench.vhd" into library work
Starting static elaboration
Completed static elaboration
Compiling package standard
Compiling package std_logic_1164
Compiling architecture dataflow of entity arbitro [arbitro_default]
Compiling architecture behavioral of entity arbitro_testbench
Time Resolution for simulation is 1ps.
Waiting for 1 sub-compilation(s) to finish...
WARNING:Simulator - Unable to copy libPortabilityNOSH.dll to the simulation executable directory: boost::filesystem::copy_file: Impossibile trovare il percorso specificato, "isim\arbitro_testbench_isim_beh.exe.sim\libPortability.dll".
Compiled 5 VHDL Units
Built simulation executable C:/Users/Windows/Desktop/ASE/esempiVHDL/Esercizio_07/arbitro_testbench_isim_beh.exe
Fuse Memory Usage: 29200 KB
Fuse CPU Usage: 421 ms
