Release 14.5 - xst P.58f (nt64)
Copyright (c) 1995-2012 Xilinx, Inc.  All rights reserved.
--> Parameter TMPDIR set to xst/projnav.tmp


Total REAL time to Xst completion: 0.00 secs
Total CPU time to Xst completion: 0.10 secs
 
--> Parameter xsthdpdir set to xst


Total REAL time to Xst completion: 0.00 secs
Total CPU time to Xst completion: 0.10 secs
 
--> Reading design: cont_mod_16_parallelo.prj

TABLE OF CONTENTS
  1) Synthesis Options Summary
  2) HDL Parsing
  3) HDL Elaboration
  4) HDL Synthesis
       4.1) HDL Synthesis Report
  5) Advanced HDL Synthesis
       5.1) Advanced HDL Synthesis Report
  6) Low Level Synthesis
  7) Partition Report
  8) Design Summary
       8.1) Primitive and Black Box Usage
       8.2) Device utilization summary
       8.3) Partition Resource Summary
       8.4) Timing Report
            8.4.1) Clock Information
            8.4.2) Asynchronous Control Signals Information
            8.4.3) Timing Summary
            8.4.4) Timing Details
            8.4.5) Cross Clock Domains Report


=========================================================================
*                      Synthesis Options Summary                        *
=========================================================================
---- Source Parameters
Input File Name                    : "cont_mod_16_parallelo.prj"
Ignore Synthesis Constraint File   : NO

---- Target Parameters
Output File Name                   : "cont_mod_16_parallelo"
Output Format                      : NGC
Target Device                      : xc7a100t-3-csg324

---- Source Options
Top Module Name                    : cont_mod_16_parallelo
Automatic FSM Extraction           : YES
FSM Encoding Algorithm             : Auto
Safe Implementation                : No
FSM Style                          : LUT
RAM Extraction                     : Yes
RAM Style                          : Auto
ROM Extraction                     : Yes
Shift Register Extraction          : YES
ROM Style                          : Auto
Resource Sharing                   : YES
Asynchronous To Synchronous        : NO
Shift Register Minimum Size        : 2
Use DSP Block                      : Auto
Automatic Register Balancing       : No

---- Target Options
LUT Combining                      : Auto
Reduce Control Sets                : Auto
Add IO Buffers                     : YES
Global Maximum Fanout              : 100000
Add Generic Clock Buffer(BUFG)     : 32
Register Duplication               : YES
Optimize Instantiated Primitives   : NO
Use Clock Enable                   : Auto
Use Synchronous Set                : Auto
Use Synchronous Reset              : Auto
Pack IO Registers into IOBs        : Auto
Equivalent register Removal        : YES

---- General Options
Optimization Goal                  : Speed
Optimization Effort                : 1
Power Reduction                    : NO
Keep Hierarchy                     : No
Netlist Hierarchy                  : As_Optimized
RTL Output                         : Yes
Global Optimization                : AllClockNets
Read Cores                         : YES
Write Timing Constraints           : NO
Cross Clock Analysis               : NO
Hierarchy Separator                : /
Bus Delimiter                      : <>
Case Specifier                     : Maintain
Slice Utilization Ratio            : 100
BRAM Utilization Ratio             : 100
DSP48 Utilization Ratio            : 100
Auto BRAM Packing                  : NO
Slice Utilization Ratio Delta      : 5

=========================================================================


=========================================================================
*                          HDL Parsing                                  *
=========================================================================
Parsing VHDL file "C:\Users\Windows\Desktop\Progetto\esercizio_06\cont_mod_2_parallelo.vhd" into library work
Parsing entity <cont_mod_2_parallelo>.
Parsing architecture <Behavioral> of entity <cont_mod_2_parallelo>.
Parsing VHDL file "C:\Users\Windows\Desktop\Progetto\esercizio_06\cont_mod_2.vhd" into library work
Parsing entity <cont_mod_2>.
Parsing architecture <Behavioral> of entity <cont_mod_2>.
Parsing VHDL file "C:\Users\Windows\Desktop\Progetto\esercizio_06\cont_mod_16_parallelo.vhd" into library work
Parsing entity <cont_mod_16_parallelo>.
Parsing architecture <Structural> of entity <cont_mod_16_parallelo>.

=========================================================================
*                            HDL Elaboration                            *
=========================================================================

Elaborating entity <cont_mod_16_parallelo> (architecture <Structural>) from library <work>.

Elaborating entity <cont_mod_2> (architecture <Behavioral>) from library <work>.
WARNING:HDLCompiler:92 - "C:\Users\Windows\Desktop\Progetto\esercizio_06\cont_mod_2.vhd" Line 27: y_temp should be on the sensitivity list of the process

Elaborating entity <cont_mod_2_parallelo> (architecture <Behavioral>) from library <work>.
WARNING:HDLCompiler:92 - "C:\Users\Windows\Desktop\Progetto\esercizio_06\cont_mod_2_parallelo.vhd" Line 27: y_temp should be on the sensitivity list of the process

=========================================================================
*                           HDL Synthesis                               *
=========================================================================

Synthesizing Unit <cont_mod_16_parallelo>.
    Related source file is "C:\Users\Windows\Desktop\Progetto\esercizio_06\cont_mod_16_parallelo.vhd".
    Summary:
	no macro.
Unit <cont_mod_16_parallelo> synthesized.

Synthesizing Unit <cont_mod_2>.
    Related source file is "C:\Users\Windows\Desktop\Progetto\esercizio_06\cont_mod_2.vhd".
    Found 1-bit register for signal <y_temp>.
    Found 1-bit register for signal <y_temp_button_DFF_1_q>.
    Summary:
	inferred   2 D-type flip-flop(s).
Unit <cont_mod_2> synthesized.

Synthesizing Unit <cont_mod_2_parallelo>.
    Related source file is "C:\Users\Windows\Desktop\Progetto\esercizio_06\cont_mod_2_parallelo.vhd".
    Found 1-bit register for signal <y_temp>.
    Found 1-bit register for signal <y_temp_button_DFF_3_q>.
    Summary:
	inferred   2 D-type flip-flop(s).
	inferred   1 Multiplexer(s).
Unit <cont_mod_2_parallelo> synthesized.

=========================================================================
HDL Synthesis Report

Macro Statistics
# Registers                                            : 8
 1-bit register                                        : 8
# Multiplexers                                         : 3
 1-bit 2-to-1 multiplexer                              : 3

=========================================================================

=========================================================================
*                       Advanced HDL Synthesis                          *
=========================================================================


=========================================================================
Advanced HDL Synthesis Report

Macro Statistics
# Registers                                            : 8
 Flip-Flops                                            : 8

=========================================================================

=========================================================================
*                         Low Level Synthesis                           *
=========================================================================

Optimizing unit <cont_mod_16_parallelo> ...

Mapping all equations...
Building and optimizing final netlist ...
Found area constraint ratio of 100 (+ 5) on block cont_mod_16_parallelo, actual ratio is 0.
FlipFlop mod_3/y_temp has been replicated 1 time(s) to handle iob=true attribute.
FlipFlop mod_2/y_temp has been replicated 1 time(s) to handle iob=true attribute.
FlipFlop mod_1/y_temp has been replicated 1 time(s) to handle iob=true attribute.
FlipFlop mod_0/y_temp has been replicated 1 time(s) to handle iob=true attribute.

Final Macro Processing ...

=========================================================================
Final Register Report

Macro Statistics
# Registers                                            : 12
 Flip-Flops                                            : 12

=========================================================================

=========================================================================
*                           Partition Report                            *
=========================================================================

Partition Implementation Status
-------------------------------

  No Partitions were found in this design.

-------------------------------

=========================================================================
*                            Design Summary                             *
=========================================================================

Top Level Output File Name         : cont_mod_16_parallelo.ngc

Primitive and Black Box Usage:
------------------------------
# BELS                             : 5
#      INV                         : 2
#      LUT2                        : 1
#      LUT3                        : 1
#      LUT4                        : 1
# FlipFlops/Latches                : 12
#      FD_1                        : 4
#      FDC_1                       : 8
# Clock Buffers                    : 2
#      BUFGP                       : 2
# IO Buffers                       : 5
#      IBUF                        : 1
#      OBUF                        : 4

Device utilization summary:
---------------------------

Selected Device : 7a100tcsg324-3 


Slice Logic Utilization: 
 Number of Slice Registers:               8  out of  126800     0%  
 Number of Slice LUTs:                    5  out of  63400     0%  
    Number used as Logic:                 5  out of  63400     0%  

Slice Logic Distribution: 
 Number of LUT Flip Flop pairs used:     13
   Number with an unused Flip Flop:       5  out of     13    38%  
   Number with an unused LUT:             8  out of     13    61%  
   Number of fully used LUT-FF pairs:     0  out of     13     0%  
   Number of unique control sets:         2

IO Utilization: 
 Number of IOs:                           7
 Number of bonded IOBs:                   7  out of    210     3%  
    IOB Flip Flops/Latches:               4

Specific Feature Utilization:
 Number of BUFG/BUFGCTRL/BUFHCEs:         2  out of    128     1%  

---------------------------
Partition Resource Summary:
---------------------------

  No Partitions were found in this design.

---------------------------


=========================================================================
Timing Report

NOTE: THESE TIMING NUMBERS ARE ONLY A SYNTHESIS ESTIMATE.
      FOR ACCURATE TIMING INFORMATION PLEASE REFER TO THE TRACE REPORT
      GENERATED AFTER PLACE-and-ROUTE.

Clock Information:
------------------
-----------------------------------+------------------------+-------+
Clock Signal                       | Clock buffer(FF name)  | Load  |
-----------------------------------+------------------------+-------+
clk                                | BUFGP                  | 8     |
button                             | BUFGP                  | 4     |
-----------------------------------+------------------------+-------+

Asynchronous Control Signals Information:
----------------------------------------
No asynchronous control signals found in this design

Timing Summary:
---------------
Speed Grade: -3

   Minimum period: No path found
   Minimum input arrival time before clock: 1.054ns
   Maximum output required time after clock: 0.643ns
   Maximum combinational path delay: No path found

Timing Details:
---------------
All values displayed in nanoseconds (ns)

=========================================================================
Timing constraint: Default OFFSET IN BEFORE for Clock 'clk'
  Total number of paths / destination ports: 8 / 8
-------------------------------------------------------------------------
Offset:              1.054ns (Levels of Logic = 2)
  Source:            rst (PAD)
  Destination:       mod_0/y_temp (FF)
  Destination Clock: clk falling

  Data Path: rst to mod_0/y_temp
                                Gate     Net
    Cell:in->out      fanout   Delay   Delay  Logical Name (Net Name)
    ----------------------------------------  ------------
     IBUF:I->O             1   0.001   0.279  rst_IBUF (rst_IBUF)
     INV:I->O              8   0.113   0.311  mod_0/rst_inv1_INV_0 (mod_0/rst_inv)
     FDC_1:CLR                 0.349          mod_0/y_temp
    ----------------------------------------
    Total                      1.054ns (0.463ns logic, 0.591ns route)
                                       (43.9% logic, 56.1% route)

=========================================================================
Timing constraint: Default OFFSET OUT AFTER for Clock 'clk'
  Total number of paths / destination ports: 4 / 4
-------------------------------------------------------------------------
Offset:              0.643ns (Levels of Logic = 1)
  Source:            mod_3/y_temp_1 (FF)
  Destination:       y<3> (PAD)
  Source Clock:      clk falling

  Data Path: mod_3/y_temp_1 to y<3>
                                Gate     Net
    Cell:in->out      fanout   Delay   Delay  Logical Name (Net Name)
    ----------------------------------------  ------------
     FDC_1:C->Q            1   0.364   0.279  mod_3/y_temp_1 (mod_3/y_temp_1)
     OBUF:I->O                 0.000          y_3_OBUF (y<3>)
    ----------------------------------------
    Total                      0.643ns (0.364ns logic, 0.279ns route)
                                       (56.6% logic, 43.4% route)

=========================================================================

Cross Clock Domains Report:
--------------------------

Clock to Setup on destination clock button
---------------+---------+---------+---------+---------+
               | Src:Rise| Src:Fall| Src:Rise| Src:Fall|
Source Clock   |Dest:Rise|Dest:Rise|Dest:Fall|Dest:Fall|
---------------+---------+---------+---------+---------+
clk            |         |         |    1.058|         |
---------------+---------+---------+---------+---------+

Clock to Setup on destination clock clk
---------------+---------+---------+---------+---------+
               | Src:Rise| Src:Fall| Src:Rise| Src:Fall|
Source Clock   |Dest:Rise|Dest:Rise|Dest:Fall|Dest:Fall|
---------------+---------+---------+---------+---------+
button         |         |         |    0.655|         |
---------------+---------+---------+---------+---------+

=========================================================================


Total REAL time to Xst completion: 7.00 secs
Total CPU time to Xst completion: 7.28 secs
 
--> 

Total memory usage is 4622520 kilobytes

Number of errors   :    0 (   0 filtered)
Number of warnings :    2 (   0 filtered)
Number of infos    :    0 (   0 filtered)

