Command line:
   et_sami_isim_beh.exe
     -simmode  gui
     -simrunnum  0
     -socket  54264

Sat Nov 23 19:04:27 2019


 Elaboration Time: 0.046875 sec

 Current Memory Usage: 5155.9 Meg

 Total Signals          : 5
 Total Nets             : 5
 Total Signal Drivers   : 2
 Total Blocks           : 2
 Total Primitive Blocks : 2
 Total Processes        : 1
 Total Traceable Variables  : 8
 Total Scalar Nets and Variables : 365
Total Line Count : 6

 Total Simulation Time: 0.078125 sec

 Current Memory Usage: 5155.9 Meg

Sat Nov 23 19:04:35 2019

