Release 14.5 - xst P.58f (nt64)
Copyright (c) 1995-2012 Xilinx, Inc.  All rights reserved.
--> Parameter TMPDIR set to xst/projnav.tmp


Total REAL time to Xst completion: 0.00 secs
Total CPU time to Xst completion: 0.12 secs
 
--> Parameter xsthdpdir set to xst


Total REAL time to Xst completion: 0.00 secs
Total CPU time to Xst completion: 0.12 secs
 
--> Reading design: shift_circular_register_debounced.prj

TABLE OF CONTENTS
  1) Synthesis Options Summary
  2) HDL Parsing
  3) HDL Elaboration
  4) HDL Synthesis
       4.1) HDL Synthesis Report
  5) Advanced HDL Synthesis
       5.1) Advanced HDL Synthesis Report
  6) Low Level Synthesis
  7) Partition Report
  8) Design Summary
       8.1) Primitive and Black Box Usage
       8.2) Device utilization summary
       8.3) Partition Resource Summary
       8.4) Timing Report
            8.4.1) Clock Information
            8.4.2) Asynchronous Control Signals Information
            8.4.3) Timing Summary
            8.4.4) Timing Details
            8.4.5) Cross Clock Domains Report


=========================================================================
*                      Synthesis Options Summary                        *
=========================================================================
---- Source Parameters
Input File Name                    : "shift_circular_register_debounced.prj"
Ignore Synthesis Constraint File   : NO

---- Target Parameters
Output File Name                   : "shift_circular_register_debounced"
Output Format                      : NGC
Target Device                      : xc7a100t-3-csg324

---- Source Options
Top Module Name                    : shift_circular_register_debounced
Automatic FSM Extraction           : YES
FSM Encoding Algorithm             : Auto
Safe Implementation                : No
FSM Style                          : LUT
RAM Extraction                     : Yes
RAM Style                          : Auto
ROM Extraction                     : Yes
Shift Register Extraction          : YES
ROM Style                          : Auto
Resource Sharing                   : YES
Asynchronous To Synchronous        : NO
Shift Register Minimum Size        : 2
Use DSP Block                      : Auto
Automatic Register Balancing       : No

---- Target Options
LUT Combining                      : Auto
Reduce Control Sets                : Auto
Add IO Buffers                     : YES
Global Maximum Fanout              : 100000
Add Generic Clock Buffer(BUFG)     : 32
Register Duplication               : YES
Optimize Instantiated Primitives   : NO
Use Clock Enable                   : Auto
Use Synchronous Set                : Auto
Use Synchronous Reset              : Auto
Pack IO Registers into IOBs        : Auto
Equivalent register Removal        : YES

---- General Options
Optimization Goal                  : Speed
Optimization Effort                : 1
Power Reduction                    : NO
Keep Hierarchy                     : No
Netlist Hierarchy                  : As_Optimized
RTL Output                         : Yes
Global Optimization                : AllClockNets
Read Cores                         : YES
Write Timing Constraints           : NO
Cross Clock Analysis               : NO
Hierarchy Separator                : /
Bus Delimiter                      : <>
Case Specifier                     : Maintain
Slice Utilization Ratio            : 100
BRAM Utilization Ratio             : 100
DSP48 Utilization Ratio            : 100
Auto BRAM Packing                  : NO
Slice Utilization Ratio Delta      : 5

=========================================================================


=========================================================================
*                          HDL Parsing                                  *
=========================================================================
Parsing VHDL file "C:\Users\Windows\Desktop\Progetto\esercizio_05\esercizio_05\control_unit.vhd" into library work
Parsing entity <control_unit>.
Parsing architecture <Behavioral> of entity <control_unit>.
Parsing VHDL file "C:\Users\Windows\Desktop\Progetto\esercizio_03\esercizio_03\et_mazzeo.vhd" into library work
Parsing entity <et_mazzeo>.
Parsing architecture <Behavioral> of entity <et_mazzeo>.
Parsing VHDL file "C:\Users\Windows\Downloads\debounce_v1.vhd" into library work
Parsing entity <debounce>.
Parsing architecture <logic> of entity <debounce>.
Parsing VHDL file "C:\Users\Windows\Desktop\Progetto\esercizio_05\esercizio_05\shift_circular_register.vhd" into library work
Parsing entity <shift_circular_register>.
Parsing architecture <structural> of entity <shift_circular_register>.
Parsing VHDL file "C:\Users\Windows\Desktop\Progetto\esercizio_05\esercizio_05\shift_circular_register_debounced.vhd" into library work
Parsing entity <shift_circular_register_debounced>.
Parsing architecture <structural> of entity <shift_circular_register_debounced>.

=========================================================================
*                            HDL Elaboration                            *
=========================================================================

Elaborating entity <shift_circular_register_debounced> (architecture <structural>) from library <work>.

Elaborating entity <debounce> (architecture <logic>) with generics from library <work>.

Elaborating entity <shift_circular_register> (architecture <structural>) from library <work>.

Elaborating entity <et_mazzeo> (architecture <Behavioral>) from library <work>.

Elaborating entity <control_unit> (architecture <Behavioral>) from library <work>.
WARNING:HDLCompiler:92 - "C:\Users\Windows\Desktop\Progetto\esercizio_05\esercizio_05\control_unit.vhd" Line 26: y_temp should be on the sensitivity list of the process

=========================================================================
*                           HDL Synthesis                               *
=========================================================================

Synthesizing Unit <shift_circular_register_debounced>.
    Related source file is "C:\Users\Windows\Desktop\Progetto\esercizio_05\esercizio_05\shift_circular_register_debounced.vhd".
    Summary:
	no macro.
Unit <shift_circular_register_debounced> synthesized.

Synthesizing Unit <debounce>.
    Related source file is "C:\Users\Windows\Downloads\debounce_v1.vhd".
        counter_size = 19
    Found 20-bit register for signal <counter_out>.
    Found 1-bit register for signal <result>.
    Found 2-bit register for signal <flipflops>.
    Found 20-bit adder for signal <counter_out[19]_GND_6_o_add_0_OUT> created at line 52.
    Summary:
	inferred   1 Adder/Subtractor(s).
	inferred  23 D-type flip-flop(s).
Unit <debounce> synthesized.

Synthesizing Unit <shift_circular_register>.
    Related source file is "C:\Users\Windows\Desktop\Progetto\esercizio_05\esercizio_05\shift_circular_register.vhd".
INFO:Xst:3210 - "C:\Users\Windows\Desktop\Progetto\esercizio_05\esercizio_05\shift_circular_register.vhd" line 39: Output port <not_q> of the instance <ff1> is unconnected or connected to loadless signal.
INFO:Xst:3210 - "C:\Users\Windows\Desktop\Progetto\esercizio_05\esercizio_05\shift_circular_register.vhd" line 47: Output port <not_q> of the instance <ff2> is unconnected or connected to loadless signal.
INFO:Xst:3210 - "C:\Users\Windows\Desktop\Progetto\esercizio_05\esercizio_05\shift_circular_register.vhd" line 55: Output port <not_q> of the instance <ff3> is unconnected or connected to loadless signal.
INFO:Xst:3210 - "C:\Users\Windows\Desktop\Progetto\esercizio_05\esercizio_05\shift_circular_register.vhd" line 63: Output port <not_q> of the instance <ff4> is unconnected or connected to loadless signal.
INFO:Xst:3210 - "C:\Users\Windows\Desktop\Progetto\esercizio_05\esercizio_05\shift_circular_register.vhd" line 71: Output port <not_q> of the instance <ff5> is unconnected or connected to loadless signal.
INFO:Xst:3210 - "C:\Users\Windows\Desktop\Progetto\esercizio_05\esercizio_05\shift_circular_register.vhd" line 79: Output port <not_q> of the instance <ff6> is unconnected or connected to loadless signal.
INFO:Xst:3210 - "C:\Users\Windows\Desktop\Progetto\esercizio_05\esercizio_05\shift_circular_register.vhd" line 87: Output port <not_q> of the instance <ff7> is unconnected or connected to loadless signal.
INFO:Xst:3210 - "C:\Users\Windows\Desktop\Progetto\esercizio_05\esercizio_05\shift_circular_register.vhd" line 95: Output port <not_q> of the instance <ff8> is unconnected or connected to loadless signal.
    Summary:
	no macro.
Unit <shift_circular_register> synthesized.

Synthesizing Unit <et_mazzeo>.
    Related source file is "C:\Users\Windows\Desktop\Progetto\esercizio_03\esercizio_03\et_mazzeo.vhd".
    Found 1-bit register for signal <not_q>.
    Found 1-bit register for signal <q>.
    Summary:
	inferred   2 D-type flip-flop(s).
Unit <et_mazzeo> synthesized.

Synthesizing Unit <control_unit>.
    Related source file is "C:\Users\Windows\Desktop\Progetto\esercizio_05\esercizio_05\control_unit.vhd".
    Found 8-bit register for signal <y_temp>.
    Found 1-bit register for signal <_i000003<7>>.
    Found 1-bit register for signal <_i000003<6>>.
    Found 1-bit register for signal <_i000003<5>>.
    Found 1-bit register for signal <_i000003<4>>.
    Found 1-bit register for signal <_i000003<3>>.
    Found 1-bit register for signal <_i000003<2>>.
    Found 1-bit register for signal <_i000003<1>>.
    Found 1-bit register for signal <_i000003<0>>.
    Summary:
	inferred  16 D-type flip-flop(s).
Unit <control_unit> synthesized.

=========================================================================
HDL Synthesis Report

Macro Statistics
# Adders/Subtractors                                   : 1
 20-bit adder                                          : 1
# Registers                                            : 28
 1-bit register                                        : 25
 2-bit register                                        : 1
 20-bit register                                       : 1
 8-bit register                                        : 1
# Xors                                                 : 1
 1-bit xor2                                            : 1

=========================================================================

=========================================================================
*                       Advanced HDL Synthesis                          *
=========================================================================


Synthesizing (advanced) Unit <debounce>.
The following registers are absorbed into counter <counter_out>: 1 register on signal <counter_out>.
Unit <debounce> synthesized (advanced).

=========================================================================
Advanced HDL Synthesis Report

Macro Statistics
# Counters                                             : 1
 20-bit up counter                                     : 1
# Registers                                            : 35
 Flip-Flops                                            : 35
# Xors                                                 : 1
 1-bit xor2                                            : 1

=========================================================================

=========================================================================
*                         Low Level Synthesis                           *
=========================================================================
WARNING:Xst:2677 - Node <ff8/not_q> of sequential type is unconnected in block <shift_circular_register>.
WARNING:Xst:2677 - Node <ff7/not_q> of sequential type is unconnected in block <shift_circular_register>.
WARNING:Xst:2677 - Node <ff6/not_q> of sequential type is unconnected in block <shift_circular_register>.
WARNING:Xst:2677 - Node <ff5/not_q> of sequential type is unconnected in block <shift_circular_register>.
WARNING:Xst:2677 - Node <ff4/not_q> of sequential type is unconnected in block <shift_circular_register>.
WARNING:Xst:2677 - Node <ff3/not_q> of sequential type is unconnected in block <shift_circular_register>.
WARNING:Xst:2677 - Node <ff2/not_q> of sequential type is unconnected in block <shift_circular_register>.
WARNING:Xst:2677 - Node <ff1/not_q> of sequential type is unconnected in block <shift_circular_register>.
WARNING:Xst:3001 - This design contains one or more registers or latches with an active
   asynchronous set and asynchronous reset. While this circuit can be built,
   it creates a sub-optimal implementation in terms of area, power and
   performance. For a more optimal implementation Xilinx highly recommends
   one of the following:

          1) Remove either the set or reset from all registers and latches if
             not needed for required functionality
          2) Modify the code in order to produce a synchronous set
             and/or reset (both is preferred)
          3) Use the -async_to_sync option to transform the asynchronous
             set/reset to synchronous operation
             (timing simulation highly recommended when using this option)

  Please refer to http://www.xilinx.com search string "Artix7 asynchronous set/reset" for more details.

  List of register instances with asynchronous set and reset:
    _i000003_0 in unit <control_unit>
    _i000003_1 in unit <control_unit>
    _i000003_2 in unit <control_unit>
    _i000003_3 in unit <control_unit>
    _i000003_4 in unit <control_unit>
    _i000003_5 in unit <control_unit>
    _i000003_7 in unit <control_unit>
    _i000003_6 in unit <control_unit>


Optimizing unit <shift_circular_register_debounced> ...

Optimizing unit <shift_circular_register> ...

Optimizing unit <control_unit> ...

Optimizing unit <debounce> ...

Mapping all equations...
Building and optimizing final netlist ...
Found area constraint ratio of 100 (+ 5) on block shift_circular_register_debounced, actual ratio is 0.

Final Macro Processing ...

=========================================================================
Final Register Report

Macro Statistics
# Registers                                            : 55
 Flip-Flops                                            : 55

=========================================================================

=========================================================================
*                           Partition Report                            *
=========================================================================

Partition Implementation Status
-------------------------------

  No Partitions were found in this design.

-------------------------------

=========================================================================
*                            Design Summary                             *
=========================================================================

Top Level Output File Name         : shift_circular_register_debounced.ngc

Primitive and Black Box Usage:
------------------------------
# BELS                             : 88
#      GND                         : 1
#      INV                         : 2
#      LUT1                        : 19
#      LUT2                        : 17
#      LUT3                        : 8
#      LUT4                        : 1
#      MUXCY                       : 19
#      VCC                         : 1
#      XORCY                       : 20
# FlipFlops/Latches                : 63
#      FD                          : 3
#      FD_1                        : 16
#      FDC_1                       : 8
#      FDP_1                       : 8
#      FDRE                        : 20
#      LDC                         : 8
# Clock Buffers                    : 1
#      BUFGP                       : 1
# IO Buffers                       : 18
#      IBUF                        : 10
#      OBUF                        : 8

Device utilization summary:
---------------------------

Selected Device : 7a100tcsg324-3 


Slice Logic Utilization: 
 Number of Slice Registers:              63  out of  126800     0%  
 Number of Slice LUTs:                   47  out of  63400     0%  
    Number used as Logic:                47  out of  63400     0%  

Slice Logic Distribution: 
 Number of LUT Flip Flop pairs used:     72
   Number with an unused Flip Flop:       9  out of     72    12%  
   Number with an unused LUT:            25  out of     72    34%  
   Number of fully used LUT-FF pairs:    38  out of     72    52%  
   Number of unique control sets:        26

IO Utilization: 
 Number of IOs:                          19
 Number of bonded IOBs:                  19  out of    210     9%  

Specific Feature Utilization:
 Number of BUFG/BUFGCTRL/BUFHCEs:         1  out of    128     0%  

---------------------------
Partition Resource Summary:
---------------------------

  No Partitions were found in this design.

---------------------------


=========================================================================
Timing Report

NOTE: THESE TIMING NUMBERS ARE ONLY A SYNTHESIS ESTIMATE.
      FOR ACCURATE TIMING INFORMATION PLEASE REFER TO THE TRACE REPORT
      GENERATED AFTER PLACE-and-ROUTE.

Clock Information:
------------------
-------------------------------------------------------------------------+------------------------------------+-------+
Clock Signal                                                             | Clock buffer(FF name)              | Load  |
-------------------------------------------------------------------------+------------------------------------+-------+
clk                                                                      | BUFGP                              | 39    |
reg/control/reset_init[7]_AND_15_o(reg/control/reset_init[7]_AND_15_o1:O)| NONE(*)(reg/control/_i000003_0_LDC)| 1     |
deb/result                                                               | NONE(reg/control/_i000003_0_C_0)   | 16    |
reg/control/reset_init[6]_AND_13_o(reg/control/reset_init[6]_AND_13_o1:O)| NONE(*)(reg/control/_i000003_1_LDC)| 1     |
reg/control/reset_init[5]_AND_11_o(reg/control/reset_init[5]_AND_11_o1:O)| NONE(*)(reg/control/_i000003_2_LDC)| 1     |
reg/control/reset_init[4]_AND_9_o(reg/control/reset_init[4]_AND_9_o1:O)  | NONE(*)(reg/control/_i000003_3_LDC)| 1     |
reg/control/reset_init[3]_AND_7_o(reg/control/reset_init[3]_AND_7_o1:O)  | NONE(*)(reg/control/_i000003_4_LDC)| 1     |
reg/control/reset_init[2]_AND_5_o(reg/control/reset_init[2]_AND_5_o1:O)  | NONE(*)(reg/control/_i000003_5_LDC)| 1     |
reg/control/reset_init[0]_AND_1_o(reg/control/reset_init[0]_AND_1_o1:O)  | NONE(*)(reg/control/_i000003_7_LDC)| 1     |
reg/control/reset_init[1]_AND_3_o(reg/control/reset_init[1]_AND_3_o1:O)  | NONE(*)(reg/control/_i000003_6_LDC)| 1     |
-------------------------------------------------------------------------+------------------------------------+-------+
(*) These 8 clock signal(s) are generated by combinatorial logic,
and XST is not able to identify which are the primary clock signals.
Please use the CLOCK_SIGNAL constraint to specify the clock signal(s) generated by combinatorial logic.
INFO:Xst:2169 - HDL ADVISOR - Some clock signals were not automatically buffered by XST with BUFG/BUFR resources. Please use the buffer_type constraint in order to insert these buffers to the clock signals to help prevent skew problems.

Asynchronous Control Signals Information:
----------------------------------------
No asynchronous control signals found in this design

Timing Summary:
---------------
Speed Grade: -3

   Minimum period: 1.898ns (Maximum Frequency: 526.787MHz)
   Minimum input arrival time before clock: 1.178ns
   Maximum output required time after clock: 0.643ns
   Maximum combinational path delay: No path found

Timing Details:
---------------
All values displayed in nanoseconds (ns)

=========================================================================
Timing constraint: Default period analysis for Clock 'clk'
  Clock period: 1.898ns (frequency: 526.787MHz)
  Total number of paths / destination ports: 283 / 70
-------------------------------------------------------------------------
Delay:               1.898ns (Levels of Logic = 21)
  Source:            deb/counter_out_0 (FF)
  Destination:       deb/counter_out_19 (FF)
  Source Clock:      clk rising
  Destination Clock: clk rising

  Data Path: deb/counter_out_0 to deb/counter_out_19
                                Gate     Net
    Cell:in->out      fanout   Delay   Delay  Logical Name (Net Name)
    ----------------------------------------  ------------
     FDRE:C->Q             1   0.361   0.279  deb/counter_out_0 (deb/counter_out_0)
     INV:I->O              1   0.113   0.000  deb/Mcount_counter_out_lut<0>_INV_0 (deb/Mcount_counter_out_lut<0>)
     MUXCY:S->O            1   0.353   0.000  deb/Mcount_counter_out_cy<0> (deb/Mcount_counter_out_cy<0>)
     MUXCY:CI->O           1   0.023   0.000  deb/Mcount_counter_out_cy<1> (deb/Mcount_counter_out_cy<1>)
     MUXCY:CI->O           1   0.023   0.000  deb/Mcount_counter_out_cy<2> (deb/Mcount_counter_out_cy<2>)
     MUXCY:CI->O           1   0.023   0.000  deb/Mcount_counter_out_cy<3> (deb/Mcount_counter_out_cy<3>)
     MUXCY:CI->O           1   0.023   0.000  deb/Mcount_counter_out_cy<4> (deb/Mcount_counter_out_cy<4>)
     MUXCY:CI->O           1   0.023   0.000  deb/Mcount_counter_out_cy<5> (deb/Mcount_counter_out_cy<5>)
     MUXCY:CI->O           1   0.023   0.000  deb/Mcount_counter_out_cy<6> (deb/Mcount_counter_out_cy<6>)
     MUXCY:CI->O           1   0.023   0.000  deb/Mcount_counter_out_cy<7> (deb/Mcount_counter_out_cy<7>)
     MUXCY:CI->O           1   0.023   0.000  deb/Mcount_counter_out_cy<8> (deb/Mcount_counter_out_cy<8>)
     MUXCY:CI->O           1   0.023   0.000  deb/Mcount_counter_out_cy<9> (deb/Mcount_counter_out_cy<9>)
     MUXCY:CI->O           1   0.023   0.000  deb/Mcount_counter_out_cy<10> (deb/Mcount_counter_out_cy<10>)
     MUXCY:CI->O           1   0.023   0.000  deb/Mcount_counter_out_cy<11> (deb/Mcount_counter_out_cy<11>)
     MUXCY:CI->O           1   0.023   0.000  deb/Mcount_counter_out_cy<12> (deb/Mcount_counter_out_cy<12>)
     MUXCY:CI->O           1   0.023   0.000  deb/Mcount_counter_out_cy<13> (deb/Mcount_counter_out_cy<13>)
     MUXCY:CI->O           1   0.023   0.000  deb/Mcount_counter_out_cy<14> (deb/Mcount_counter_out_cy<14>)
     MUXCY:CI->O           1   0.023   0.000  deb/Mcount_counter_out_cy<15> (deb/Mcount_counter_out_cy<15>)
     MUXCY:CI->O           1   0.023   0.000  deb/Mcount_counter_out_cy<16> (deb/Mcount_counter_out_cy<16>)
     MUXCY:CI->O           1   0.023   0.000  deb/Mcount_counter_out_cy<17> (deb/Mcount_counter_out_cy<17>)
     MUXCY:CI->O           0   0.023   0.000  deb/Mcount_counter_out_cy<18> (deb/Mcount_counter_out_cy<18>)
     XORCY:CI->O           1   0.370   0.000  deb/Mcount_counter_out_xor<19> (deb/Result<19>)
     FDRE:D                    0.008          deb/counter_out_19
    ----------------------------------------
    Total                      1.898ns (1.619ns logic, 0.279ns route)
                                       (85.3% logic, 14.7% route)

=========================================================================
Timing constraint: Default OFFSET IN BEFORE for Clock 'clk'
  Total number of paths / destination ports: 1 / 1
-------------------------------------------------------------------------
Offset:              0.288ns (Levels of Logic = 1)
  Source:            button (PAD)
  Destination:       deb/flipflops_0 (FF)
  Destination Clock: clk rising

  Data Path: button to deb/flipflops_0
                                Gate     Net
    Cell:in->out      fanout   Delay   Delay  Logical Name (Net Name)
    ----------------------------------------  ------------
     IBUF:I->O             1   0.001   0.279  button_IBUF (button_IBUF)
     FD:D                      0.008          deb/flipflops_0
    ----------------------------------------
    Total                      0.288ns (0.009ns logic, 0.279ns route)
                                       (3.1% logic, 96.9% route)

=========================================================================
Timing constraint: Default OFFSET IN BEFORE for Clock 'reg/control/reset_init[7]_AND_15_o'
  Total number of paths / destination ports: 2 / 1
-------------------------------------------------------------------------
Offset:              1.178ns (Levels of Logic = 2)
  Source:            rst (PAD)
  Destination:       reg/control/_i000003_0_LDC (LATCH)
  Destination Clock: reg/control/reset_init[7]_AND_15_o falling

  Data Path: rst to reg/control/_i000003_0_LDC
                                Gate     Net
    Cell:in->out      fanout   Delay   Delay  Logical Name (Net Name)
    ----------------------------------------  ------------
     IBUF:I->O            16   0.001   0.448  rst_IBUF (rst_IBUF)
     LUT2:I0->O            2   0.097   0.283  reg/control/reset_init[7]_AND_16_o1 (reg/control/reset_init[7]_AND_16_o)
     LDC:CLR                   0.349          reg/control/_i000003_0_LDC
    ----------------------------------------
    Total                      1.178ns (0.447ns logic, 0.731ns route)
                                       (37.9% logic, 62.1% route)

=========================================================================
Timing constraint: Default OFFSET IN BEFORE for Clock 'deb/result'
  Total number of paths / destination ports: 32 / 16
-------------------------------------------------------------------------
Offset:              1.178ns (Levels of Logic = 2)
  Source:            rst (PAD)
  Destination:       reg/control/_i000003_0_C_0 (FF)
  Destination Clock: deb/result falling

  Data Path: rst to reg/control/_i000003_0_C_0
                                Gate     Net
    Cell:in->out      fanout   Delay   Delay  Logical Name (Net Name)
    ----------------------------------------  ------------
     IBUF:I->O            16   0.001   0.448  rst_IBUF (rst_IBUF)
     LUT2:I0->O            2   0.097   0.283  reg/control/reset_init[7]_AND_16_o1 (reg/control/reset_init[7]_AND_16_o)
     FDC_1:CLR                 0.349          reg/control/_i000003_0_C_0
    ----------------------------------------
    Total                      1.178ns (0.447ns logic, 0.731ns route)
                                       (37.9% logic, 62.1% route)

=========================================================================
Timing constraint: Default OFFSET IN BEFORE for Clock 'reg/control/reset_init[6]_AND_13_o'
  Total number of paths / destination ports: 2 / 1
-------------------------------------------------------------------------
Offset:              1.178ns (Levels of Logic = 2)
  Source:            rst (PAD)
  Destination:       reg/control/_i000003_1_LDC (LATCH)
  Destination Clock: reg/control/reset_init[6]_AND_13_o falling

  Data Path: rst to reg/control/_i000003_1_LDC
                                Gate     Net
    Cell:in->out      fanout   Delay   Delay  Logical Name (Net Name)
    ----------------------------------------  ------------
     IBUF:I->O            16   0.001   0.448  rst_IBUF (rst_IBUF)
     LUT2:I0->O            2   0.097   0.283  reg/control/reset_init[6]_AND_14_o1 (reg/control/reset_init[6]_AND_14_o)
     LDC:CLR                   0.349          reg/control/_i000003_1_LDC
    ----------------------------------------
    Total                      1.178ns (0.447ns logic, 0.731ns route)
                                       (37.9% logic, 62.1% route)

=========================================================================
Timing constraint: Default OFFSET IN BEFORE for Clock 'reg/control/reset_init[5]_AND_11_o'
  Total number of paths / destination ports: 2 / 1
-------------------------------------------------------------------------
Offset:              1.178ns (Levels of Logic = 2)
  Source:            rst (PAD)
  Destination:       reg/control/_i000003_2_LDC (LATCH)
  Destination Clock: reg/control/reset_init[5]_AND_11_o falling

  Data Path: rst to reg/control/_i000003_2_LDC
                                Gate     Net
    Cell:in->out      fanout   Delay   Delay  Logical Name (Net Name)
    ----------------------------------------  ------------
     IBUF:I->O            16   0.001   0.448  rst_IBUF (rst_IBUF)
     LUT2:I0->O            2   0.097   0.283  reg/control/reset_init[5]_AND_12_o1 (reg/control/reset_init[5]_AND_12_o)
     LDC:CLR                   0.349          reg/control/_i000003_2_LDC
    ----------------------------------------
    Total                      1.178ns (0.447ns logic, 0.731ns route)
                                       (37.9% logic, 62.1% route)

=========================================================================
Timing constraint: Default OFFSET IN BEFORE for Clock 'reg/control/reset_init[4]_AND_9_o'
  Total number of paths / destination ports: 2 / 1
-------------------------------------------------------------------------
Offset:              1.178ns (Levels of Logic = 2)
  Source:            rst (PAD)
  Destination:       reg/control/_i000003_3_LDC (LATCH)
  Destination Clock: reg/control/reset_init[4]_AND_9_o falling

  Data Path: rst to reg/control/_i000003_3_LDC
                                Gate     Net
    Cell:in->out      fanout   Delay   Delay  Logical Name (Net Name)
    ----------------------------------------  ------------
     IBUF:I->O            16   0.001   0.448  rst_IBUF (rst_IBUF)
     LUT2:I0->O            2   0.097   0.283  reg/control/reset_init[4]_AND_10_o1 (reg/control/reset_init[4]_AND_10_o)
     LDC:CLR                   0.349          reg/control/_i000003_3_LDC
    ----------------------------------------
    Total                      1.178ns (0.447ns logic, 0.731ns route)
                                       (37.9% logic, 62.1% route)

=========================================================================
Timing constraint: Default OFFSET IN BEFORE for Clock 'reg/control/reset_init[3]_AND_7_o'
  Total number of paths / destination ports: 2 / 1
-------------------------------------------------------------------------
Offset:              1.178ns (Levels of Logic = 2)
  Source:            rst (PAD)
  Destination:       reg/control/_i000003_4_LDC (LATCH)
  Destination Clock: reg/control/reset_init[3]_AND_7_o falling

  Data Path: rst to reg/control/_i000003_4_LDC
                                Gate     Net
    Cell:in->out      fanout   Delay   Delay  Logical Name (Net Name)
    ----------------------------------------  ------------
     IBUF:I->O            16   0.001   0.448  rst_IBUF (rst_IBUF)
     LUT2:I0->O            2   0.097   0.283  reg/control/reset_init[3]_AND_8_o1 (reg/control/reset_init[3]_AND_8_o)
     LDC:CLR                   0.349          reg/control/_i000003_4_LDC
    ----------------------------------------
    Total                      1.178ns (0.447ns logic, 0.731ns route)
                                       (37.9% logic, 62.1% route)

=========================================================================
Timing constraint: Default OFFSET IN BEFORE for Clock 'reg/control/reset_init[2]_AND_5_o'
  Total number of paths / destination ports: 2 / 1
-------------------------------------------------------------------------
Offset:              1.178ns (Levels of Logic = 2)
  Source:            rst (PAD)
  Destination:       reg/control/_i000003_5_LDC (LATCH)
  Destination Clock: reg/control/reset_init[2]_AND_5_o falling

  Data Path: rst to reg/control/_i000003_5_LDC
                                Gate     Net
    Cell:in->out      fanout   Delay   Delay  Logical Name (Net Name)
    ----------------------------------------  ------------
     IBUF:I->O            16   0.001   0.448  rst_IBUF (rst_IBUF)
     LUT2:I0->O            2   0.097   0.283  reg/control/reset_init[2]_AND_6_o1 (reg/control/reset_init[2]_AND_6_o)
     LDC:CLR                   0.349          reg/control/_i000003_5_LDC
    ----------------------------------------
    Total                      1.178ns (0.447ns logic, 0.731ns route)
                                       (37.9% logic, 62.1% route)

=========================================================================
Timing constraint: Default OFFSET IN BEFORE for Clock 'reg/control/reset_init[0]_AND_1_o'
  Total number of paths / destination ports: 2 / 1
-------------------------------------------------------------------------
Offset:              1.178ns (Levels of Logic = 2)
  Source:            rst (PAD)
  Destination:       reg/control/_i000003_7_LDC (LATCH)
  Destination Clock: reg/control/reset_init[0]_AND_1_o falling

  Data Path: rst to reg/control/_i000003_7_LDC
                                Gate     Net
    Cell:in->out      fanout   Delay   Delay  Logical Name (Net Name)
    ----------------------------------------  ------------
     IBUF:I->O            16   0.001   0.448  rst_IBUF (rst_IBUF)
     LUT2:I0->O            2   0.097   0.283  reg/control/reset_init[0]_AND_2_o1 (reg/control/reset_init[0]_AND_2_o)
     LDC:CLR                   0.349          reg/control/_i000003_7_LDC
    ----------------------------------------
    Total                      1.178ns (0.447ns logic, 0.731ns route)
                                       (37.9% logic, 62.1% route)

=========================================================================
Timing constraint: Default OFFSET IN BEFORE for Clock 'reg/control/reset_init[1]_AND_3_o'
  Total number of paths / destination ports: 2 / 1
-------------------------------------------------------------------------
Offset:              1.178ns (Levels of Logic = 2)
  Source:            rst (PAD)
  Destination:       reg/control/_i000003_6_LDC (LATCH)
  Destination Clock: reg/control/reset_init[1]_AND_3_o falling

  Data Path: rst to reg/control/_i000003_6_LDC
                                Gate     Net
    Cell:in->out      fanout   Delay   Delay  Logical Name (Net Name)
    ----------------------------------------  ------------
     IBUF:I->O            16   0.001   0.448  rst_IBUF (rst_IBUF)
     LUT2:I0->O            2   0.097   0.283  reg/control/reset_init[1]_AND_4_o1 (reg/control/reset_init[1]_AND_4_o)
     LDC:CLR                   0.349          reg/control/_i000003_6_LDC
    ----------------------------------------
    Total                      1.178ns (0.447ns logic, 0.731ns route)
                                       (37.9% logic, 62.1% route)

=========================================================================
Timing constraint: Default OFFSET OUT AFTER for Clock 'clk'
  Total number of paths / destination ports: 8 / 8
-------------------------------------------------------------------------
Offset:              0.643ns (Levels of Logic = 1)
  Source:            reg/ff1/q (FF)
  Destination:       y<0> (PAD)
  Source Clock:      clk falling

  Data Path: reg/ff1/q to y<0>
                                Gate     Net
    Cell:in->out      fanout   Delay   Delay  Logical Name (Net Name)
    ----------------------------------------  ------------
     FD_1:C->Q             1   0.364   0.279  reg/ff1/q (reg/ff1/q)
     OBUF:I->O                 0.000          y_0_OBUF (y<0>)
    ----------------------------------------
    Total                      0.643ns (0.364ns logic, 0.279ns route)
                                       (56.6% logic, 43.4% route)

=========================================================================

Cross Clock Domains Report:
--------------------------

Clock to Setup on destination clock clk
----------------------------------+---------+---------+---------+---------+
                                  | Src:Rise| Src:Fall| Src:Rise| Src:Fall|
Source Clock                      |Dest:Rise|Dest:Rise|Dest:Fall|Dest:Fall|
----------------------------------+---------+---------+---------+---------+
clk                               |    1.898|         |    0.661|         |
deb/result                        |         |         |    0.848|         |
reg/control/reset_init[0]_AND_1_o |         |         |    1.088|         |
reg/control/reset_init[1]_AND_3_o |         |         |    1.088|         |
reg/control/reset_init[2]_AND_5_o |         |         |    1.088|         |
reg/control/reset_init[3]_AND_7_o |         |         |    1.088|         |
reg/control/reset_init[4]_AND_9_o |         |         |    1.088|         |
reg/control/reset_init[5]_AND_11_o|         |         |    1.088|         |
reg/control/reset_init[6]_AND_13_o|         |         |    1.088|         |
reg/control/reset_init[7]_AND_15_o|         |         |    1.088|         |
----------------------------------+---------+---------+---------+---------+

Clock to Setup on destination clock deb/result
---------------+---------+---------+---------+---------+
               | Src:Rise| Src:Fall| Src:Rise| Src:Fall|
Source Clock   |Dest:Rise|Dest:Rise|Dest:Fall|Dest:Fall|
---------------+---------+---------+---------+---------+
clk            |         |         |    0.661|         |
---------------+---------+---------+---------+---------+

=========================================================================


Total REAL time to Xst completion: 7.00 secs
Total CPU time to Xst completion: 7.32 secs
 
--> 

Total memory usage is 4623656 kilobytes

Number of errors   :    0 (   0 filtered)
Number of warnings :   10 (   0 filtered)
Number of infos    :    9 (   0 filtered)

