Running: C:\Xilinx\14.5\ISE_DS\ISE\bin\nt64\unwrapped\fuse.exe -intstyle ise -incremental -lib secureip -o C:/Users/Windows/Desktop/Elaborato_gruppo50/esercizio_11/uart_2/uart_2_tb_isim_beh.exe -prj C:/Users/Windows/Desktop/Elaborato_gruppo50/esercizio_11/uart_2/uart_2_tb_beh.prj work.uart_2_tb 
ISim P.58f (signature 0x7708f090)
Number of CPUs detected in this system: 8
Turning on mult-threading, number of parallel sub-compilation jobs: 16 
Determining compilation order of HDL files
Parsing VHDL file "C:/Users/Windows/Desktop/Elaborato_gruppo50/esercizio_11/uart_2/control_unit.vhd" into library work
Parsing VHDL file "C:/Users/Windows/Desktop/Elaborato_gruppo50/esercizio_11/uart_2/uart_2.vhd" into library work
Parsing VHDL file "C:/Users/Windows/Desktop/Elaborato_gruppo50/esercizio_11/uart_2/uart_2_tb.vhd" into library work
Starting static elaboration
WARNING:HDLCompiler:89 - "C:/Users/Windows/Desktop/Elaborato_gruppo50/esercizio_11/uart_2/uart_2.vhd" Line 68: <uartcomponent> remains a black-box since it has no binding entity.
WARNING:HDLCompiler:89 - "C:/Users/Windows/Desktop/Elaborato_gruppo50/esercizio_11/uart_2/uart_2.vhd" Line 83: <uartcomponent> remains a black-box since it has no binding entity.
Completed static elaboration
WARNING:Simulator:648 - "C:/Users/Windows/Desktop/Elaborato_gruppo50/esercizio_11/uart_2/uart_2.vhd" Line 68. Instance uartcomponent is unbound
WARNING:Simulator:648 - "C:/Users/Windows/Desktop/Elaborato_gruppo50/esercizio_11/uart_2/uart_2.vhd" Line 83. Instance uartcomponent is unbound
Compiling package standard
Compiling package std_logic_1164
Compiling architecture behavioral of entity control_unit [control_unit_default]
Compiling architecture structural of entity uart_2 [uart_2_default]
Compiling architecture behavior of entity uart_2_tb
Time Resolution for simulation is 1ps.
Waiting for 1 sub-compilation(s) to finish...
WARNING:Simulator - Unable to copy libPortabilityNOSH.dll to the simulation executable directory: boost::filesystem::copy_file: Impossibile trovare il percorso specificato, "isim\uart_2_tb_isim_beh.exe.sim\libPortability.dll".
Compiled 7 VHDL Units
Built simulation executable C:/Users/Windows/Desktop/Elaborato_gruppo50/esercizio_11/uart_2/uart_2_tb_isim_beh.exe
Fuse Memory Usage: 29524 KB
Fuse CPU Usage: 1296 ms
